[2025-09-07 14:58:06,638] ERROR [sendgrid_backend.mail:187] Failed to send email, error: HTTP Error 403: Forbidden, response body: b'{"errors":[{"message":"The from address does not match a verified Sender Identity. Mail cannot be sent until this error is resolved. Visit https://sendgrid.com/docs/for-developers/sending-email/sender-identity/ to see the Sender Identity requirements","field":"from","help":null}]}'
[2025-09-07 14:58:06,638] ERROR [reservation_book.views:187] Email sending failed: HTTP Error 403: Forbidden
[2025-09-07 16:14:55,104] ERROR [sendgrid_backend.mail:187] Failed to send email, error: HTTP Error 403: Forbidden, response body: b'{"errors":[{"message":"The from address does not match a verified Sender Identity. Mail cannot be sent until this error is resolved. Visit https://sendgrid.com/docs/for-developers/sending-email/sender-identity/ to see the Sender Identity requirements","field":"from","help":null}]}'
[2025-09-07 16:14:55,112] ERROR [reservation_book.views:181] Email sending failed: HTTP Error 403: Forbidden
[2025-09-07 16:14:55,112] ERROR [reservation_book.views:191] SMS sending failed: name 'os' is not defined
[2025-09-07 16:27:40,360] ERROR [sendgrid_backend.mail:187] Failed to send email, error: HTTP Error 403: Forbidden, response body: b'{"errors":[{"message":"The from address does not match a verified Sender Identity. Mail cannot be sent until this error is resolved. Visit https://sendgrid.com/docs/for-developers/sending-email/sender-identity/ to see the Sender Identity requirements","field":"from","help":null}]}'
[2025-09-07 16:27:40,361] ERROR [reservation_book.views:181] Email sending failed: HTTP Error 403: Forbidden
[2025-09-07 16:27:40,361] ERROR [reservation_book.views:191] SMS sending failed: name 'os' is not defined
[2025-09-07 17:07:13,808] ERROR [sendgrid_backend.mail:187] Failed to send email, error: HTTP Error 403: Forbidden, response body: b'{"errors":[{"message":"The from address does not match a verified Sender Identity. Mail cannot be sent until this error is resolved. Visit https://sendgrid.com/docs/for-developers/sending-email/sender-identity/ to see the Sender Identity requirements","field":"from","help":null}]}'
[2025-09-07 17:07:13,809] ERROR [reservation_book.views:181] Email sending failed: HTTP Error 403: Forbidden
[2025-09-07 17:07:13,809] ERROR [reservation_book.views:191] SMS sending failed: name 'os' is not defined
[2025-09-07 17:14:45,030] ERROR [reservation_book.views:181] Email sending failed: send_mail() missing 1 required positional argument: 'from_email'
[2025-09-07 17:14:45,031] ERROR [reservation_book.views:191] SMS sending failed: name 'os' is not defined
[2025-09-07 17:18:16,769] ERROR [reservation_book.views:191] SMS sending failed: name 'os' is not defined
[2025-09-07 17:22:36,460] ERROR [reservation_book.views:192] SMS sending failed: name 'settings' is not defined
[2025-09-07 17:29:30,859] ERROR [reservation_book.views:115] SMS sending failed: 
[31m[49mHTTP Error[0m [37m[49mYour request was:[0m

[36m[49mPOST /Accounts/your_account_sid_here/Messages.json[0m

[37m[49mTwilio returned the following information:[0m

[34m[49mUnable to create record: Authentication Error - invalid username[0m

[37m[49mMore information may be available here:[0m

[34m[49mhttps://www.twilio.com/docs/errors/20003[0m

Traceback (most recent call last):
  File "C:\Users\paxto\Desktop\My Web Sites\gambinos_restaurant_and_lounge\reservation_book\views.py", line 105, in send_sms
    client.messages.create(
  File "C:\Users\paxto\Desktop\My Web Sites\gambinos_restaurant_and_lounge\.venv\Lib\site-packages\twilio\rest\api\v2010\account\message\__init__.py", line 589, in create
    payload = self._version.create(
              ^^^^^^^^^^^^^^^^^^^^^
  File "C:\Users\paxto\Desktop\My Web Sites\gambinos_restaurant_and_lounge\.venv\Lib\site-packages\twilio\base\version.py", line 463, in create
    return self._parse_create(method, uri, response)
           ^^^^^^^^^^^^^^^^^^^^^^^^^^^^^^^^^^^^^^^^^
  File "C:\Users\paxto\Desktop\My Web Sites\gambinos_restaurant_and_lounge\.venv\Lib\site-packages\twilio\base\version.py", line 435, in _parse_create
    raise self.exception(method, uri, response, "Unable to create record")
twilio.base.exceptions.TwilioRestException: 
[31m[49mHTTP Error[0m [37m[49mYour request was:[0m

[36m[49mPOST /Accounts/your_account_sid_here/Messages.json[0m

[37m[49mTwilio returned the following information:[0m

[34m[49mUnable to create record: Authentication Error - invalid username[0m

[37m[49mMore information may be available here:[0m

[34m[49mhttps://www.twilio.com/docs/errors/20003[0m


[2025-09-07 17:54:11,726] ERROR [reservation_book.views:115] SMS sending failed: 
[31m[49mHTTP Error[0m [37m[49mYour request was:[0m

[36m[49mPOST /Accounts/your_account_sid_here/Messages.json[0m

[37m[49mTwilio returned the following information:[0m

[34m[49mUnable to create record: Authentication Error - invalid username[0m

[37m[49mMore information may be available here:[0m

[34m[49mhttps://www.twilio.com/docs/errors/20003[0m

Traceback (most recent call last):
  File "C:\Users\paxto\Desktop\My Web Sites\gambinos_restaurant_and_lounge\reservation_book\views.py", line 105, in send_sms
    client.messages.create(
  File "C:\Users\paxto\Desktop\My Web Sites\gambinos_restaurant_and_lounge\.venv\Lib\site-packages\twilio\rest\api\v2010\account\message\__init__.py", line 589, in create
    payload = self._version.create(
              ^^^^^^^^^^^^^^^^^^^^^
  File "C:\Users\paxto\Desktop\My Web Sites\gambinos_restaurant_and_lounge\.venv\Lib\site-packages\twilio\base\version.py", line 463, in create
    return self._parse_create(method, uri, response)
           ^^^^^^^^^^^^^^^^^^^^^^^^^^^^^^^^^^^^^^^^^
  File "C:\Users\paxto\Desktop\My Web Sites\gambinos_restaurant_and_lounge\.venv\Lib\site-packages\twilio\base\version.py", line 435, in _parse_create
    raise self.exception(method, uri, response, "Unable to create record")
twilio.base.exceptions.TwilioRestException: 
[31m[49mHTTP Error[0m [37m[49mYour request was:[0m

[36m[49mPOST /Accounts/your_account_sid_here/Messages.json[0m

[37m[49mTwilio returned the following information:[0m

[34m[49mUnable to create record: Authentication Error - invalid username[0m

[37m[49mMore information may be available here:[0m

[34m[49mhttps://www.twilio.com/docs/errors/20003[0m


[2025-09-07 19:06:49,196] ERROR [reservation_book.views:101] SMS sending failed: 
[31m[49mHTTP Error[0m [37m[49mYour request was:[0m

[36m[49mPOST /Accounts/AC2969394648e15dec9e186368819ded0b/Messages.json[0m

[37m[49mTwilio returned the following information:[0m

[34m[49mUnable to create record: Authenticate[0m

[37m[49mMore information may be available here:[0m

[34m[49mhttps://www.twilio.com/docs/errors/20003[0m


[2025-09-07 19:18:20,116] ERROR [reservation_book.views:101] SMS sending failed: 
[31m[49mHTTP Error[0m [37m[49mYour request was:[0m

[36m[49mPOST /Accounts/AC2969394648e15dec9e186368819ded0b/Messages.json[0m

[37m[49mTwilio returned the following information:[0m

[34m[49mUnable to create record: Authenticate[0m

[37m[49mMore information may be available here:[0m

[34m[49mhttps://www.twilio.com/docs/errors/20003[0m


[2025-09-07 19:19:51,873] ERROR [reservation_book.views:101] SMS sending failed: 
[31m[49mHTTP Error[0m [37m[49mYour request was:[0m

[36m[49mPOST /Accounts/AC2969394648e15dec9e186368819ded0b/Messages.json[0m

[37m[49mTwilio returned the following information:[0m

[34m[49mUnable to create record: Authenticate[0m

[37m[49mMore information may be available here:[0m

[34m[49mhttps://www.twilio.com/docs/errors/20003[0m


[2025-09-07 19:32:43,117] ERROR [reservation_book.views:101] SMS sending failed: 
[31m[49mHTTP Error[0m [37m[49mYour request was:[0m

[36m[49mPOST /Accounts/AC2969394648e15dec9e186368819ded0b/Messages.json[0m

[37m[49mTwilio returned the following information:[0m

[34m[49mUnable to create record: Authenticate[0m

[37m[49mMore information may be available here:[0m

[34m[49mhttps://www.twilio.com/docs/errors/20003[0m


[2025-09-07 19:45:20,249] ERROR [reservation_book.views:101] SMS sending failed: 
[31m[49mHTTP Error[0m [37m[49mYour request was:[0m

[36m[49mPOST /Accounts/AC2969394648e15dec9e186368819ded0b/Messages.json[0m

[37m[49mTwilio returned the following information:[0m

[34m[49mUnable to create record: Authenticate[0m

[37m[49mMore information may be available here:[0m

[34m[49mhttps://www.twilio.com/docs/errors/20003[0m


[2025-09-07 19:56:10,005] ERROR [reservation_book.views:103] SMS sending failed: 
[31m[49mHTTP Error[0m [37m[49mYour request was:[0m

[36m[49mPOST /Accounts/AC2969394648e15dec9e186368819ded0b/Messages.json[0m

[37m[49mTwilio returned the following information:[0m

[34m[49mUnable to create record: Authenticate[0m

[37m[49mMore information may be available here:[0m

[34m[49mhttps://www.twilio.com/docs/errors/20003[0m


[2025-09-07 20:13:55,262] ERROR [reservation_book.views:103] SMS sending failed: 
[31m[49mHTTP Error[0m [37m[49mYour request was:[0m

[36m[49mPOST /Accounts/AC2969394648e15dec9e186368819ded0b/Messages.json[0m

[37m[49mTwilio returned the following information:[0m

[34m[49mUnable to create record: Authenticate[0m

[37m[49mMore information may be available here:[0m

[34m[49mhttps://www.twilio.com/docs/errors/20003[0m


[2025-09-07 20:23:48,745] ERROR [reservation_book.views:103] SMS sending failed: 
[31m[49mHTTP Error[0m [37m[49mYour request was:[0m

[36m[49mPOST /Accounts/AC2969394648e15dec9e186368819ded0b/Messages.json[0m

[37m[49mTwilio returned the following information:[0m

[34m[49mUnable to create record: Authenticate[0m

[37m[49mMore information may be available here:[0m

[34m[49mhttps://www.twilio.com/docs/errors/20003[0m


[2025-09-08 13:45:22,595] ERROR [sendgrid_backend.mail:187] Failed to send email, error: HTTP Error 401: Unauthorized, response body: b'{"errors":[{"message":"The provided authorization grant is invalid, expired, or revoked","field":null,"help":null}]}'
[2025-09-08 13:45:22,596] ERROR [reservation_book.views:184] Email sending failed: HTTP Error 401: Unauthorized
[2025-09-08 17:21:00,092] ERROR [django.request:246] Internal Server Error: /
Traceback (most recent call last):
  File "C:\Users\paxto\Desktop\My Web Sites\gambinos_restaurant_and_lounge\.venv\Lib\site-packages\django\core\handlers\exception.py", line 55, in inner
    response = get_response(request)
               ^^^^^^^^^^^^^^^^^^^^^
  File "C:\Users\paxto\Desktop\My Web Sites\gambinos_restaurant_and_lounge\.venv\Lib\site-packages\django\core\handlers\base.py", line 197, in _get_response
    response = wrapped_callback(request, *callback_args, **callback_kwargs)
               ^^^^^^^^^^^^^^^^^^^^^^^^^^^^^^^^^^^^^^^^^^^^^^^^^^^^^^^^^^^^
  File "C:\Users\paxto\Desktop\My Web Sites\gambinos_restaurant_and_lounge\reservation_book\views.py", line 42, in home
    return render(
           ^^^^^^^
  File "C:\Users\paxto\Desktop\My Web Sites\gambinos_restaurant_and_lounge\.venv\Lib\site-packages\django\shortcuts.py", line 24, in render
    content = loader.render_to_string(template_name, context, request, using=using)
              ^^^^^^^^^^^^^^^^^^^^^^^^^^^^^^^^^^^^^^^^^^^^^^^^^^^^^^^^^^^^^^^^^^^^^
  File "C:\Users\paxto\Desktop\My Web Sites\gambinos_restaurant_and_lounge\.venv\Lib\site-packages\django\template\loader.py", line 62, in render_to_string
    return template.render(context, request)
           ^^^^^^^^^^^^^^^^^^^^^^^^^^^^^^^^^
  File "C:\Users\paxto\Desktop\My Web Sites\gambinos_restaurant_and_lounge\.venv\Lib\site-packages\django\template\backends\django.py", line 61, in render
    return self.template.render(context)
           ^^^^^^^^^^^^^^^^^^^^^^^^^^^^^
  File "C:\Users\paxto\Desktop\My Web Sites\gambinos_restaurant_and_lounge\.venv\Lib\site-packages\django\template\base.py", line 175, in render
    return self._render(context)
           ^^^^^^^^^^^^^^^^^^^^^
  File "C:\Users\paxto\Desktop\My Web Sites\gambinos_restaurant_and_lounge\.venv\Lib\site-packages\django\template\base.py", line 167, in _render
    return self.nodelist.render(context)
           ^^^^^^^^^^^^^^^^^^^^^^^^^^^^^
  File "C:\Users\paxto\Desktop\My Web Sites\gambinos_restaurant_and_lounge\.venv\Lib\site-packages\django\template\base.py", line 1005, in render
    return SafeString("".join([node.render_annotated(context) for node in self]))
                               ^^^^^^^^^^^^^^^^^^^^^^^^^^^^^^
  File "C:\Users\paxto\Desktop\My Web Sites\gambinos_restaurant_and_lounge\.venv\Lib\site-packages\django\template\base.py", line 966, in render_annotated
    return self.render(context)
           ^^^^^^^^^^^^^^^^^^^^
  File "C:\Users\paxto\Desktop\My Web Sites\gambinos_restaurant_and_lounge\.venv\Lib\site-packages\django\template\loader_tags.py", line 157, in render
    return compiled_parent._render(context)
           ^^^^^^^^^^^^^^^^^^^^^^^^^^^^^^^^
  File "C:\Users\paxto\Desktop\My Web Sites\gambinos_restaurant_and_lounge\.venv\Lib\site-packages\django\template\base.py", line 167, in _render
    return self.nodelist.render(context)
           ^^^^^^^^^^^^^^^^^^^^^^^^^^^^^
  File "C:\Users\paxto\Desktop\My Web Sites\gambinos_restaurant_and_lounge\.venv\Lib\site-packages\django\template\base.py", line 1005, in render
    return SafeString("".join([node.render_annotated(context) for node in self]))
                               ^^^^^^^^^^^^^^^^^^^^^^^^^^^^^^
  File "C:\Users\paxto\Desktop\My Web Sites\gambinos_restaurant_and_lounge\.venv\Lib\site-packages\django\template\base.py", line 966, in render_annotated
    return self.render(context)
           ^^^^^^^^^^^^^^^^^^^^
  File "C:\Users\paxto\Desktop\My Web Sites\gambinos_restaurant_and_lounge\.venv\Lib\site-packages\django\template\defaulttags.py", line 471, in render
    url = reverse(view_name, args=args, kwargs=kwargs, current_app=current_app)
          ^^^^^^^^^^^^^^^^^^^^^^^^^^^^^^^^^^^^^^^^^^^^^^^^^^^^^^^^^^^^^^^^^^^^^
  File "C:\Users\paxto\Desktop\My Web Sites\gambinos_restaurant_and_lounge\.venv\Lib\site-packages\django\urls\base.py", line 88, in reverse
    return resolver._reverse_with_prefix(view, prefix, *args, **kwargs)
           ^^^^^^^^^^^^^^^^^^^^^^^^^^^^^^^^^^^^^^^^^^^^^^^^^^^^^^^^^^^^
  File "C:\Users\paxto\Desktop\My Web Sites\gambinos_restaurant_and_lounge\.venv\Lib\site-packages\django\urls\resolvers.py", line 828, in _reverse_with_prefix
    raise NoReverseMatch(msg)
django.urls.exceptions.NoReverseMatch: Reverse for 'reservations' not found. 'reservations' is not a valid view function or pattern name.
[2025-09-08 17:21:00,106] ERROR [django.server:212] "GET / HTTP/1.1" 500 146909
[2025-09-08 17:24:01,373] ERROR [django.request:246] Internal Server Error: /
Traceback (most recent call last):
  File "C:\Users\paxto\Desktop\My Web Sites\gambinos_restaurant_and_lounge\.venv\Lib\site-packages\django\core\handlers\exception.py", line 55, in inner
    response = get_response(request)
               ^^^^^^^^^^^^^^^^^^^^^
  File "C:\Users\paxto\Desktop\My Web Sites\gambinos_restaurant_and_lounge\.venv\Lib\site-packages\django\core\handlers\base.py", line 197, in _get_response
    response = wrapped_callback(request, *callback_args, **callback_kwargs)
               ^^^^^^^^^^^^^^^^^^^^^^^^^^^^^^^^^^^^^^^^^^^^^^^^^^^^^^^^^^^^
  File "C:\Users\paxto\Desktop\My Web Sites\gambinos_restaurant_and_lounge\reservation_book\views.py", line 42, in home
    return render(
           ^^^^^^^
  File "C:\Users\paxto\Desktop\My Web Sites\gambinos_restaurant_and_lounge\.venv\Lib\site-packages\django\shortcuts.py", line 24, in render
    content = loader.render_to_string(template_name, context, request, using=using)
              ^^^^^^^^^^^^^^^^^^^^^^^^^^^^^^^^^^^^^^^^^^^^^^^^^^^^^^^^^^^^^^^^^^^^^
  File "C:\Users\paxto\Desktop\My Web Sites\gambinos_restaurant_and_lounge\.venv\Lib\site-packages\django\template\loader.py", line 62, in render_to_string
    return template.render(context, request)
           ^^^^^^^^^^^^^^^^^^^^^^^^^^^^^^^^^
  File "C:\Users\paxto\Desktop\My Web Sites\gambinos_restaurant_and_lounge\.venv\Lib\site-packages\django\template\backends\django.py", line 61, in render
    return self.template.render(context)
           ^^^^^^^^^^^^^^^^^^^^^^^^^^^^^
  File "C:\Users\paxto\Desktop\My Web Sites\gambinos_restaurant_and_lounge\.venv\Lib\site-packages\django\template\base.py", line 175, in render
    return self._render(context)
           ^^^^^^^^^^^^^^^^^^^^^
  File "C:\Users\paxto\Desktop\My Web Sites\gambinos_restaurant_and_lounge\.venv\Lib\site-packages\django\template\base.py", line 167, in _render
    return self.nodelist.render(context)
           ^^^^^^^^^^^^^^^^^^^^^^^^^^^^^
  File "C:\Users\paxto\Desktop\My Web Sites\gambinos_restaurant_and_lounge\.venv\Lib\site-packages\django\template\base.py", line 1005, in render
    return SafeString("".join([node.render_annotated(context) for node in self]))
                               ^^^^^^^^^^^^^^^^^^^^^^^^^^^^^^
  File "C:\Users\paxto\Desktop\My Web Sites\gambinos_restaurant_and_lounge\.venv\Lib\site-packages\django\template\base.py", line 966, in render_annotated
    return self.render(context)
           ^^^^^^^^^^^^^^^^^^^^
  File "C:\Users\paxto\Desktop\My Web Sites\gambinos_restaurant_and_lounge\.venv\Lib\site-packages\django\template\loader_tags.py", line 157, in render
    return compiled_parent._render(context)
           ^^^^^^^^^^^^^^^^^^^^^^^^^^^^^^^^
  File "C:\Users\paxto\Desktop\My Web Sites\gambinos_restaurant_and_lounge\.venv\Lib\site-packages\django\template\base.py", line 167, in _render
    return self.nodelist.render(context)
           ^^^^^^^^^^^^^^^^^^^^^^^^^^^^^
  File "C:\Users\paxto\Desktop\My Web Sites\gambinos_restaurant_and_lounge\.venv\Lib\site-packages\django\template\base.py", line 1005, in render
    return SafeString("".join([node.render_annotated(context) for node in self]))
                               ^^^^^^^^^^^^^^^^^^^^^^^^^^^^^^
  File "C:\Users\paxto\Desktop\My Web Sites\gambinos_restaurant_and_lounge\.venv\Lib\site-packages\django\template\base.py", line 966, in render_annotated
    return self.render(context)
           ^^^^^^^^^^^^^^^^^^^^
  File "C:\Users\paxto\Desktop\My Web Sites\gambinos_restaurant_and_lounge\.venv\Lib\site-packages\django\template\defaulttags.py", line 471, in render
    url = reverse(view_name, args=args, kwargs=kwargs, current_app=current_app)
          ^^^^^^^^^^^^^^^^^^^^^^^^^^^^^^^^^^^^^^^^^^^^^^^^^^^^^^^^^^^^^^^^^^^^^
  File "C:\Users\paxto\Desktop\My Web Sites\gambinos_restaurant_and_lounge\.venv\Lib\site-packages\django\urls\base.py", line 88, in reverse
    return resolver._reverse_with_prefix(view, prefix, *args, **kwargs)
           ^^^^^^^^^^^^^^^^^^^^^^^^^^^^^^^^^^^^^^^^^^^^^^^^^^^^^^^^^^^^
  File "C:\Users\paxto\Desktop\My Web Sites\gambinos_restaurant_and_lounge\.venv\Lib\site-packages\django\urls\resolvers.py", line 828, in _reverse_with_prefix
    raise NoReverseMatch(msg)
django.urls.exceptions.NoReverseMatch: Reverse for 'reservations' not found. 'reservations' is not a valid view function or pattern name.
[2025-09-08 17:24:01,378] ERROR [django.server:212] "GET / HTTP/1.1" 500 147046
[2025-09-08 17:25:11,146] ERROR [sendgrid_backend.mail:187] Failed to send email, error: HTTP Error 401: Unauthorized, response body: b'{"errors":[{"message":"The provided authorization grant is invalid, expired, or revoked","field":null,"help":null}]}'
[2025-09-08 17:25:11,147] ERROR [reservation_book.views:172] Email sending failed: HTTP Error 401: Unauthorized
[2025-09-08 17:25:12,248] ERROR [reservation_book.views:211] Unexpected error in make_reservation: OnlineRegisteredCustomer() got unexpected keyword arguments: 'first_name', 'last_name'
Traceback (most recent call last):
  File "C:\Users\paxto\Desktop\My Web Sites\gambinos_restaurant_and_lounge\reservation_book\views.py", line 195, in make_reservation
    OnlineRegisteredCustomer.objects.create(
  File "C:\Users\paxto\Desktop\My Web Sites\gambinos_restaurant_and_lounge\.venv\Lib\site-packages\django\db\models\manager.py", line 87, in manager_method
    return getattr(self.get_queryset(), name)(*args, **kwargs)
           ^^^^^^^^^^^^^^^^^^^^^^^^^^^^^^^^^^^^^^^^^^^^^^^^^^^
  File "C:\Users\paxto\Desktop\My Web Sites\gambinos_restaurant_and_lounge\.venv\Lib\site-packages\django\db\models\query.py", line 656, in create
    obj = self.model(**kwargs)
          ^^^^^^^^^^^^^^^^^^^^
  File "C:\Users\paxto\Desktop\My Web Sites\gambinos_restaurant_and_lounge\.venv\Lib\site-packages\django\db\models\base.py", line 567, in __init__
    raise TypeError(
TypeError: OnlineRegisteredCustomer() got unexpected keyword arguments: 'first_name', 'last_name'
[2025-09-08 17:37:31,602] ERROR [sendgrid_backend.mail:187] Failed to send email, error: HTTP Error 401: Unauthorized, response body: b'{"errors":[{"message":"The provided authorization grant is invalid, expired, or revoked","field":null,"help":null}]}'
[2025-09-08 17:37:31,603] ERROR [reservation_book.views:172] Email sending failed: HTTP Error 401: Unauthorized
[2025-09-08 17:52:55,277] ERROR [sendgrid_backend.mail:187] Failed to send email, error: HTTP Error 401: Unauthorized, response body: b'{"errors":[{"message":"The provided authorization grant is invalid, expired, or revoked","field":null,"help":null}]}'
[2025-09-08 17:52:55,278] ERROR [reservation_book.views:172] Email sending failed: HTTP Error 401: Unauthorized
[2025-09-08 18:18:10,569] ERROR [django.request:246] Internal Server Error: /admin/reservation_book/reservationbook/
Traceback (most recent call last):
  File "C:\Users\paxto\Desktop\My Web Sites\gambinos_restaurant_and_lounge\.venv\Lib\site-packages\django\db\backends\utils.py", line 89, in _execute
    return self.cursor.execute(sql, params)
           ^^^^^^^^^^^^^^^^^^^^^^^^^^^^^^^^
psycopg2.errors.UndefinedColumn: column reservation_book_reservationbook.customer_id does not exist
LINE 1: ...ile", "reservation_book_reservationbook"."email", "reservati...
                                                             ^


The above exception was the direct cause of the following exception:

Traceback (most recent call last):
  File "C:\Users\paxto\Desktop\My Web Sites\gambinos_restaurant_and_lounge\.venv\Lib\site-packages\django\core\handlers\exception.py", line 55, in inner
    response = get_response(request)
               ^^^^^^^^^^^^^^^^^^^^^
  File "C:\Users\paxto\Desktop\My Web Sites\gambinos_restaurant_and_lounge\.venv\Lib\site-packages\django\core\handlers\base.py", line 197, in _get_response
    response = wrapped_callback(request, *callback_args, **callback_kwargs)
               ^^^^^^^^^^^^^^^^^^^^^^^^^^^^^^^^^^^^^^^^^^^^^^^^^^^^^^^^^^^^
  File "C:\Users\paxto\Desktop\My Web Sites\gambinos_restaurant_and_lounge\.venv\Lib\site-packages\django\contrib\admin\options.py", line 688, in wrapper
    return self.admin_site.admin_view(view)(*args, **kwargs)
           ^^^^^^^^^^^^^^^^^^^^^^^^^^^^^^^^^^^^^^^^^^^^^^^^^
  File "C:\Users\paxto\Desktop\My Web Sites\gambinos_restaurant_and_lounge\.venv\Lib\site-packages\django\utils\decorators.py", line 134, in _wrapper_view
    response = view_func(request, *args, **kwargs)
               ^^^^^^^^^^^^^^^^^^^^^^^^^^^^^^^^^^^
  File "C:\Users\paxto\Desktop\My Web Sites\gambinos_restaurant_and_lounge\.venv\Lib\site-packages\django\views\decorators\cache.py", line 62, in _wrapper_view_func
    response = view_func(request, *args, **kwargs)
               ^^^^^^^^^^^^^^^^^^^^^^^^^^^^^^^^^^^
  File "C:\Users\paxto\Desktop\My Web Sites\gambinos_restaurant_and_lounge\.venv\Lib\site-packages\django\contrib\admin\sites.py", line 242, in inner
    return view(request, *args, **kwargs)
           ^^^^^^^^^^^^^^^^^^^^^^^^^^^^^^
  File "C:\Users\paxto\Desktop\My Web Sites\gambinos_restaurant_and_lounge\.venv\Lib\site-packages\django\utils\decorators.py", line 46, in _wrapper
    return bound_method(*args, **kwargs)
           ^^^^^^^^^^^^^^^^^^^^^^^^^^^^^
  File "C:\Users\paxto\Desktop\My Web Sites\gambinos_restaurant_and_lounge\.venv\Lib\site-packages\django\utils\decorators.py", line 134, in _wrapper_view
    response = view_func(request, *args, **kwargs)
               ^^^^^^^^^^^^^^^^^^^^^^^^^^^^^^^^^^^
  File "C:\Users\paxto\Desktop\My Web Sites\gambinos_restaurant_and_lounge\.venv\Lib\site-packages\django\contrib\admin\options.py", line 2065, in changelist_view
    "selection_note": _("0 of %(cnt)s selected") % {"cnt": len(cl.result_list)},
                                                           ^^^^^^^^^^^^^^^^^^^
  File "C:\Users\paxto\Desktop\My Web Sites\gambinos_restaurant_and_lounge\.venv\Lib\site-packages\django\db\models\query.py", line 380, in __len__
    self._fetch_all()
  File "C:\Users\paxto\Desktop\My Web Sites\gambinos_restaurant_and_lounge\.venv\Lib\site-packages\django\db\models\query.py", line 1881, in _fetch_all
    self._result_cache = list(self._iterable_class(self))
                         ^^^^^^^^^^^^^^^^^^^^^^^^^^^^^^^^
  File "C:\Users\paxto\Desktop\My Web Sites\gambinos_restaurant_and_lounge\.venv\Lib\site-packages\django\db\models\query.py", line 91, in __iter__
    results = compiler.execute_sql(
              ^^^^^^^^^^^^^^^^^^^^^
  File "C:\Users\paxto\Desktop\My Web Sites\gambinos_restaurant_and_lounge\.venv\Lib\site-packages\django\db\models\sql\compiler.py", line 1562, in execute_sql
    cursor.execute(sql, params)
  File "C:\Users\paxto\Desktop\My Web Sites\gambinos_restaurant_and_lounge\.venv\Lib\site-packages\django\db\backends\utils.py", line 102, in execute
    return super().execute(sql, params)
           ^^^^^^^^^^^^^^^^^^^^^^^^^^^^
  File "C:\Users\paxto\Desktop\My Web Sites\gambinos_restaurant_and_lounge\.venv\Lib\site-packages\django\db\backends\utils.py", line 67, in execute
    return self._execute_with_wrappers(
           ^^^^^^^^^^^^^^^^^^^^^^^^^^^^
  File "C:\Users\paxto\Desktop\My Web Sites\gambinos_restaurant_and_lounge\.venv\Lib\site-packages\django\db\backends\utils.py", line 80, in _execute_with_wrappers
    return executor(sql, params, many, context)
           ^^^^^^^^^^^^^^^^^^^^^^^^^^^^^^^^^^^^
  File "C:\Users\paxto\Desktop\My Web Sites\gambinos_restaurant_and_lounge\.venv\Lib\site-packages\django\db\backends\utils.py", line 84, in _execute
    with self.db.wrap_database_errors:
         ^^^^^^^^^^^^^^^^^^^^^^^^^^^^
  File "C:\Users\paxto\Desktop\My Web Sites\gambinos_restaurant_and_lounge\.venv\Lib\site-packages\django\db\utils.py", line 91, in __exit__
    raise dj_exc_value.with_traceback(traceback) from exc_value
  File "C:\Users\paxto\Desktop\My Web Sites\gambinos_restaurant_and_lounge\.venv\Lib\site-packages\django\db\backends\utils.py", line 89, in _execute
    return self.cursor.execute(sql, params)
           ^^^^^^^^^^^^^^^^^^^^^^^^^^^^^^^^
django.db.utils.ProgrammingError: column reservation_book_reservationbook.customer_id does not exist
LINE 1: ...ile", "reservation_book_reservationbook"."email", "reservati...
                                                             ^

[2025-09-08 18:18:10,590] ERROR [django.server:212] "GET /admin/reservation_book/reservationbook/ HTTP/1.1" 500 166115
[2025-09-09 16:27:57,692] ERROR [reservation_book.views:117] Unexpected error in make_reservation POST: ['“” value has an invalid date format. It must be in YYYY-MM-DD format.']
Traceback (most recent call last):
  File "C:\Users\paxto\Desktop\My Web Sites\gambinos_restaurant_and_lounge\reservation_book\views.py", line 53, in make_reservation
    ts = TimeSlotAvailability.objects.get(calendar_date=date)
         ^^^^^^^^^^^^^^^^^^^^^^^^^^^^^^^^^^^^^^^^^^^^^^^^^^^^
  File "C:\Users\paxto\Desktop\My Web Sites\gambinos_restaurant_and_lounge\.venv\Lib\site-packages\django\db\models\manager.py", line 87, in manager_method
    return getattr(self.get_queryset(), name)(*args, **kwargs)
           ^^^^^^^^^^^^^^^^^^^^^^^^^^^^^^^^^^^^^^^^^^^^^^^^^^^
  File "C:\Users\paxto\Desktop\My Web Sites\gambinos_restaurant_and_lounge\.venv\Lib\site-packages\django\db\models\query.py", line 623, in get
    clone = self._chain() if self.query.combinator else self.filter(*args, **kwargs)
                                                        ^^^^^^^^^^^^^^^^^^^^^^^^^^^^
  File "C:\Users\paxto\Desktop\My Web Sites\gambinos_restaurant_and_lounge\.venv\Lib\site-packages\django\db\models\query.py", line 1436, in filter
    return self._filter_or_exclude(False, args, kwargs)
           ^^^^^^^^^^^^^^^^^^^^^^^^^^^^^^^^^^^^^^^^^^^^
  File "C:\Users\paxto\Desktop\My Web Sites\gambinos_restaurant_and_lounge\.venv\Lib\site-packages\django\db\models\query.py", line 1454, in _filter_or_exclude
    clone._filter_or_exclude_inplace(negate, args, kwargs)
  File "C:\Users\paxto\Desktop\My Web Sites\gambinos_restaurant_and_lounge\.venv\Lib\site-packages\django\db\models\query.py", line 1461, in _filter_or_exclude_inplace
    self._query.add_q(Q(*args, **kwargs))
  File "C:\Users\paxto\Desktop\My Web Sites\gambinos_restaurant_and_lounge\.venv\Lib\site-packages\django\db\models\sql\query.py", line 1546, in add_q
    clause, _ = self._add_q(q_object, self.used_aliases)
                ^^^^^^^^^^^^^^^^^^^^^^^^^^^^^^^^^^^^^^^^
  File "C:\Users\paxto\Desktop\My Web Sites\gambinos_restaurant_and_lounge\.venv\Lib\site-packages\django\db\models\sql\query.py", line 1577, in _add_q
    child_clause, needed_inner = self.build_filter(
                                 ^^^^^^^^^^^^^^^^^^
  File "C:\Users\paxto\Desktop\My Web Sites\gambinos_restaurant_and_lounge\.venv\Lib\site-packages\django\db\models\sql\query.py", line 1492, in build_filter
    condition = self.build_lookup(lookups, col, value)
                ^^^^^^^^^^^^^^^^^^^^^^^^^^^^^^^^^^^^^^
  File "C:\Users\paxto\Desktop\My Web Sites\gambinos_restaurant_and_lounge\.venv\Lib\site-packages\django\db\models\sql\query.py", line 1319, in build_lookup
    lookup = lookup_class(lhs, rhs)
             ^^^^^^^^^^^^^^^^^^^^^^
  File "C:\Users\paxto\Desktop\My Web Sites\gambinos_restaurant_and_lounge\.venv\Lib\site-packages\django\db\models\lookups.py", line 27, in __init__
    self.rhs = self.get_prep_lookup()
               ^^^^^^^^^^^^^^^^^^^^^^
  File "C:\Users\paxto\Desktop\My Web Sites\gambinos_restaurant_and_lounge\.venv\Lib\site-packages\django\db\models\lookups.py", line 341, in get_prep_lookup
    return super().get_prep_lookup()
           ^^^^^^^^^^^^^^^^^^^^^^^^^
  File "C:\Users\paxto\Desktop\My Web Sites\gambinos_restaurant_and_lounge\.venv\Lib\site-packages\django\db\models\lookups.py", line 85, in get_prep_lookup
    return self.lhs.output_field.get_prep_value(self.rhs)
           ^^^^^^^^^^^^^^^^^^^^^^^^^^^^^^^^^^^^^^^^^^^^^^
  File "C:\Users\paxto\Desktop\My Web Sites\gambinos_restaurant_and_lounge\.venv\Lib\site-packages\django\db\models\fields\__init__.py", line 1464, in get_prep_value
    return self.to_python(value)
           ^^^^^^^^^^^^^^^^^^^^^
  File "C:\Users\paxto\Desktop\My Web Sites\gambinos_restaurant_and_lounge\.venv\Lib\site-packages\django\db\models\fields\__init__.py", line 1430, in to_python
    raise exceptions.ValidationError(
django.core.exceptions.ValidationError: ['“” value has an invalid date format. It must be in YYYY-MM-DD format.']
[2025-09-09 17:15:18,647] ERROR [reservation_book.views:128] Unexpected error in make_reservation POST: TableReservation() got unexpected keyword arguments: 'user'
Traceback (most recent call last):
  File "C:\Users\paxto\Desktop\My Web Sites\gambinos_restaurant_and_lounge\reservation_book\views.py", line 76, in make_reservation
    reservation = TableReservation.objects.create(
                  ^^^^^^^^^^^^^^^^^^^^^^^^^^^^^^^^
  File "C:\Users\paxto\Desktop\My Web Sites\gambinos_restaurant_and_lounge\.venv\Lib\site-packages\django\db\models\manager.py", line 87, in manager_method
    return getattr(self.get_queryset(), name)(*args, **kwargs)
           ^^^^^^^^^^^^^^^^^^^^^^^^^^^^^^^^^^^^^^^^^^^^^^^^^^^
  File "C:\Users\paxto\Desktop\My Web Sites\gambinos_restaurant_and_lounge\.venv\Lib\site-packages\django\db\models\query.py", line 656, in create
    obj = self.model(**kwargs)
          ^^^^^^^^^^^^^^^^^^^^
  File "C:\Users\paxto\Desktop\My Web Sites\gambinos_restaurant_and_lounge\.venv\Lib\site-packages\django\db\models\base.py", line 567, in __init__
    raise TypeError(
TypeError: TableReservation() got unexpected keyword arguments: 'user'
[2025-09-10 01:14:15,151] ERROR [django.request:246] Internal Server Error: /admin/reservation_book/timeslotavailability/
Traceback (most recent call last):
  File "C:\Users\paxto\Desktop\My Web Sites\gambinos_restaurant_and_lounge\.venv\Lib\site-packages\django\core\handlers\exception.py", line 55, in inner
    response = get_response(request)
               ^^^^^^^^^^^^^^^^^^^^^
  File "C:\Users\paxto\Desktop\My Web Sites\gambinos_restaurant_and_lounge\.venv\Lib\site-packages\django\core\handlers\base.py", line 197, in _get_response
    response = wrapped_callback(request, *callback_args, **callback_kwargs)
               ^^^^^^^^^^^^^^^^^^^^^^^^^^^^^^^^^^^^^^^^^^^^^^^^^^^^^^^^^^^^
  File "C:\Users\paxto\Desktop\My Web Sites\gambinos_restaurant_and_lounge\.venv\Lib\site-packages\django\contrib\admin\options.py", line 688, in wrapper
    return self.admin_site.admin_view(view)(*args, **kwargs)
           ^^^^^^^^^^^^^^^^^^^^^^^^^^^^^^^^^^^^^^^^^^^^^^^^^
  File "C:\Users\paxto\Desktop\My Web Sites\gambinos_restaurant_and_lounge\.venv\Lib\site-packages\django\utils\decorators.py", line 134, in _wrapper_view
    response = view_func(request, *args, **kwargs)
               ^^^^^^^^^^^^^^^^^^^^^^^^^^^^^^^^^^^
  File "C:\Users\paxto\Desktop\My Web Sites\gambinos_restaurant_and_lounge\.venv\Lib\site-packages\django\views\decorators\cache.py", line 62, in _wrapper_view_func
    response = view_func(request, *args, **kwargs)
               ^^^^^^^^^^^^^^^^^^^^^^^^^^^^^^^^^^^
  File "C:\Users\paxto\Desktop\My Web Sites\gambinos_restaurant_and_lounge\.venv\Lib\site-packages\django\contrib\admin\sites.py", line 242, in inner
    return view(request, *args, **kwargs)
           ^^^^^^^^^^^^^^^^^^^^^^^^^^^^^^
  File "C:\Users\paxto\Desktop\My Web Sites\gambinos_restaurant_and_lounge\.venv\Lib\site-packages\django\utils\decorators.py", line 46, in _wrapper
    return bound_method(*args, **kwargs)
           ^^^^^^^^^^^^^^^^^^^^^^^^^^^^^
  File "C:\Users\paxto\Desktop\My Web Sites\gambinos_restaurant_and_lounge\.venv\Lib\site-packages\django\utils\decorators.py", line 134, in _wrapper_view
    response = view_func(request, *args, **kwargs)
               ^^^^^^^^^^^^^^^^^^^^^^^^^^^^^^^^^^^
  File "C:\Users\paxto\Desktop\My Web Sites\gambinos_restaurant_and_lounge\.venv\Lib\site-packages\django\contrib\admin\options.py", line 1959, in changelist_view
    response = self.response_action(
               ^^^^^^^^^^^^^^^^^^^^^
  File "C:\Users\paxto\Desktop\My Web Sites\gambinos_restaurant_and_lounge\.venv\Lib\site-packages\django\contrib\admin\options.py", line 1593, in response_action
    response = func(self, request, queryset)
               ^^^^^^^^^^^^^^^^^^^^^^^^^^^^^
  File "C:\Users\paxto\Desktop\My Web Sites\gambinos_restaurant_and_lounge\reservation_book\admin.py", line 36, in update_next_30_days_capacity
    today = timezone.now().date()
            ^^^^^^^^
NameError: name 'timezone' is not defined
[2025-09-10 01:14:15,158] ERROR [django.server:212] "POST /admin/reservation_book/timeslotavailability/ HTTP/1.1" 500 121730
[2025-09-11 00:59:44,707] ERROR [django.request:246] Internal Server Error: /make_reservation/
Traceback (most recent call last):
  File "C:\Users\paxto\Desktop\My Web Sites\gambinos_restaurant_and_lounge\.venv\Lib\site-packages\django\core\handlers\exception.py", line 55, in inner
    response = get_response(request)
               ^^^^^^^^^^^^^^^^^^^^^
  File "C:\Users\paxto\Desktop\My Web Sites\gambinos_restaurant_and_lounge\.venv\Lib\site-packages\django\core\handlers\base.py", line 197, in _get_response
    response = wrapped_callback(request, *callback_args, **callback_kwargs)
               ^^^^^^^^^^^^^^^^^^^^^^^^^^^^^^^^^^^^^^^^^^^^^^^^^^^^^^^^^^^^
  File "C:\Users\paxto\Desktop\My Web Sites\gambinos_restaurant_and_lounge\.venv\Lib\site-packages\django\contrib\auth\decorators.py", line 23, in _wrapper_view
    return view_func(request, *args, **kwargs)
           ^^^^^^^^^^^^^^^^^^^^^^^^^^^^^^^^^^^
  File "C:\Users\paxto\Desktop\My Web Sites\gambinos_restaurant_and_lounge\reservation_book\views.py", line 174, in make_reservation
    return render(request, "reservation_book/make_reservation.html", {
           ^^^^^^^^^^^^^^^^^^^^^^^^^^^^^^^^^^^^^^^^^^^^^^^^^^^^^^^^^^^
  File "C:\Users\paxto\Desktop\My Web Sites\gambinos_restaurant_and_lounge\.venv\Lib\site-packages\django\shortcuts.py", line 24, in render
    content = loader.render_to_string(template_name, context, request, using=using)
              ^^^^^^^^^^^^^^^^^^^^^^^^^^^^^^^^^^^^^^^^^^^^^^^^^^^^^^^^^^^^^^^^^^^^^
  File "C:\Users\paxto\Desktop\My Web Sites\gambinos_restaurant_and_lounge\.venv\Lib\site-packages\django\template\loader.py", line 61, in render_to_string
    template = get_template(template_name, using=using)
               ^^^^^^^^^^^^^^^^^^^^^^^^^^^^^^^^^^^^^^^^
  File "C:\Users\paxto\Desktop\My Web Sites\gambinos_restaurant_and_lounge\.venv\Lib\site-packages\django\template\loader.py", line 15, in get_template
    return engine.get_template(template_name)
           ^^^^^^^^^^^^^^^^^^^^^^^^^^^^^^^^^^
  File "C:\Users\paxto\Desktop\My Web Sites\gambinos_restaurant_and_lounge\.venv\Lib\site-packages\django\template\backends\django.py", line 33, in get_template
    return Template(self.engine.get_template(template_name), self)
                    ^^^^^^^^^^^^^^^^^^^^^^^^^^^^^^^^^^^^^^^
  File "C:\Users\paxto\Desktop\My Web Sites\gambinos_restaurant_and_lounge\.venv\Lib\site-packages\django\template\engine.py", line 175, in get_template
    template, origin = self.find_template(template_name)
                       ^^^^^^^^^^^^^^^^^^^^^^^^^^^^^^^^^
  File "C:\Users\paxto\Desktop\My Web Sites\gambinos_restaurant_and_lounge\.venv\Lib\site-packages\django\template\engine.py", line 157, in find_template
    template = loader.get_template(name, skip=skip)
               ^^^^^^^^^^^^^^^^^^^^^^^^^^^^^^^^^^^^
  File "C:\Users\paxto\Desktop\My Web Sites\gambinos_restaurant_and_lounge\.venv\Lib\site-packages\django\template\loaders\cached.py", line 57, in get_template
    template = super().get_template(template_name, skip)
               ^^^^^^^^^^^^^^^^^^^^^^^^^^^^^^^^^^^^^^^^^
  File "C:\Users\paxto\Desktop\My Web Sites\gambinos_restaurant_and_lounge\.venv\Lib\site-packages\django\template\loaders\base.py", line 28, in get_template
    return Template(
           ^^^^^^^^^
  File "C:\Users\paxto\Desktop\My Web Sites\gambinos_restaurant_and_lounge\.venv\Lib\site-packages\django\template\base.py", line 154, in __init__
    self.nodelist = self.compile_nodelist()
                    ^^^^^^^^^^^^^^^^^^^^^^^
  File "C:\Users\paxto\Desktop\My Web Sites\gambinos_restaurant_and_lounge\.venv\Lib\site-packages\django\template\base.py", line 200, in compile_nodelist
    return parser.parse()
           ^^^^^^^^^^^^^^
  File "C:\Users\paxto\Desktop\My Web Sites\gambinos_restaurant_and_lounge\.venv\Lib\site-packages\django\template\base.py", line 513, in parse
    raise self.error(token, e)
  File "C:\Users\paxto\Desktop\My Web Sites\gambinos_restaurant_and_lounge\.venv\Lib\site-packages\django\template\base.py", line 511, in parse
    compiled_result = compile_func(self, token)
                      ^^^^^^^^^^^^^^^^^^^^^^^^^
  File "C:\Users\paxto\Desktop\My Web Sites\gambinos_restaurant_and_lounge\.venv\Lib\site-packages\django\template\loader_tags.py", line 293, in do_extends
    nodelist = parser.parse()
               ^^^^^^^^^^^^^^
  File "C:\Users\paxto\Desktop\My Web Sites\gambinos_restaurant_and_lounge\.venv\Lib\site-packages\django\template\base.py", line 513, in parse
    raise self.error(token, e)
  File "C:\Users\paxto\Desktop\My Web Sites\gambinos_restaurant_and_lounge\.venv\Lib\site-packages\django\template\base.py", line 511, in parse
    compiled_result = compile_func(self, token)
                      ^^^^^^^^^^^^^^^^^^^^^^^^^
  File "C:\Users\paxto\Desktop\My Web Sites\gambinos_restaurant_and_lounge\.venv\Lib\site-packages\django\template\loader_tags.py", line 232, in do_block
    nodelist = parser.parse(("endblock",))
               ^^^^^^^^^^^^^^^^^^^^^^^^^^^
  File "C:\Users\paxto\Desktop\My Web Sites\gambinos_restaurant_and_lounge\.venv\Lib\site-packages\django\template\base.py", line 513, in parse
    raise self.error(token, e)
  File "C:\Users\paxto\Desktop\My Web Sites\gambinos_restaurant_and_lounge\.venv\Lib\site-packages\django\template\base.py", line 511, in parse
    compiled_result = compile_func(self, token)
                      ^^^^^^^^^^^^^^^^^^^^^^^^^
  File "C:\Users\paxto\Desktop\My Web Sites\gambinos_restaurant_and_lounge\.venv\Lib\site-packages\django\template\defaulttags.py", line 853, in do_for
    nodelist_loop = parser.parse(
                    ^^^^^^^^^^^^^
  File "C:\Users\paxto\Desktop\My Web Sites\gambinos_restaurant_and_lounge\.venv\Lib\site-packages\django\template\base.py", line 513, in parse
    raise self.error(token, e)
  File "C:\Users\paxto\Desktop\My Web Sites\gambinos_restaurant_and_lounge\.venv\Lib\site-packages\django\template\base.py", line 511, in parse
    compiled_result = compile_func(self, token)
                      ^^^^^^^^^^^^^^^^^^^^^^^^^
  File "C:\Users\paxto\Desktop\My Web Sites\gambinos_restaurant_and_lounge\.venv\Lib\site-packages\django\template\defaulttags.py", line 853, in do_for
    nodelist_loop = parser.parse(
                    ^^^^^^^^^^^^^
  File "C:\Users\paxto\Desktop\My Web Sites\gambinos_restaurant_and_lounge\.venv\Lib\site-packages\django\template\base.py", line 484, in parse
    raise self.error(token, e)
  File "C:\Users\paxto\Desktop\My Web Sites\gambinos_restaurant_and_lounge\.venv\Lib\site-packages\django\template\base.py", line 482, in parse
    filter_expression = self.compile_filter(token.contents)
                        ^^^^^^^^^^^^^^^^^^^^^^^^^^^^^^^^^^^
  File "C:\Users\paxto\Desktop\My Web Sites\gambinos_restaurant_and_lounge\.venv\Lib\site-packages\django\template\base.py", line 600, in compile_filter
    return FilterExpression(token, self)
           ^^^^^^^^^^^^^^^^^^^^^^^^^^^^^
  File "C:\Users\paxto\Desktop\My Web Sites\gambinos_restaurant_and_lounge\.venv\Lib\site-packages\django\template\base.py", line 699, in __init__
    self.args_check(filter_name, filter_func, args)
  File "C:\Users\paxto\Desktop\My Web Sites\gambinos_restaurant_and_lounge\.venv\Lib\site-packages\django\template\base.py", line 761, in args_check
    raise TemplateSyntaxError(
django.template.exceptions.TemplateSyntaxError: add requires 2 arguments, 1 provided
[2025-09-11 00:59:44,729] ERROR [django.server:212] "GET /make_reservation/ HTTP/1.1" 500 145
[2025-11-18 17:31:33,731] ERROR [django.request:246] Internal Server Error: /
Traceback (most recent call last):
  File "C:\Users\paxto\Desktop\My Web Sites\gambinos_restaurant_and_lounge\.venv\Lib\site-packages\django\template\smartif.py", line 179, in translate_token
    op = OPERATORS[token]
         ~~~~~~~~~^^^^^^^
KeyError: "['user_reservations_overview',"

During handling of the above exception, another exception occurred:

Traceback (most recent call last):
  File "C:\Users\paxto\Desktop\My Web Sites\gambinos_restaurant_and_lounge\.venv\Lib\site-packages\django\core\handlers\exception.py", line 55, in inner
    response = get_response(request)
               ^^^^^^^^^^^^^^^^^^^^^
  File "C:\Users\paxto\Desktop\My Web Sites\gambinos_restaurant_and_lounge\.venv\Lib\site-packages\django\core\handlers\base.py", line 197, in _get_response
    response = wrapped_callback(request, *callback_args, **callback_kwargs)
               ^^^^^^^^^^^^^^^^^^^^^^^^^^^^^^^^^^^^^^^^^^^^^^^^^^^^^^^^^^^^
  File "C:\Users\paxto\Desktop\My Web Sites\gambinos_restaurant_and_lounge\reservation_book\views.py", line 30, in home
    return render(request, "reservation_book/index.html")
           ^^^^^^^^^^^^^^^^^^^^^^^^^^^^^^^^^^^^^^^^^^^^^^
  File "C:\Users\paxto\Desktop\My Web Sites\gambinos_restaurant_and_lounge\.venv\Lib\site-packages\django\shortcuts.py", line 24, in render
    content = loader.render_to_string(template_name, context, request, using=using)
              ^^^^^^^^^^^^^^^^^^^^^^^^^^^^^^^^^^^^^^^^^^^^^^^^^^^^^^^^^^^^^^^^^^^^^
  File "C:\Users\paxto\Desktop\My Web Sites\gambinos_restaurant_and_lounge\.venv\Lib\site-packages\django\template\loader.py", line 62, in render_to_string
    return template.render(context, request)
           ^^^^^^^^^^^^^^^^^^^^^^^^^^^^^^^^^
  File "C:\Users\paxto\Desktop\My Web Sites\gambinos_restaurant_and_lounge\.venv\Lib\site-packages\django\template\backends\django.py", line 61, in render
    return self.template.render(context)
           ^^^^^^^^^^^^^^^^^^^^^^^^^^^^^
  File "C:\Users\paxto\Desktop\My Web Sites\gambinos_restaurant_and_lounge\.venv\Lib\site-packages\django\template\base.py", line 175, in render
    return self._render(context)
           ^^^^^^^^^^^^^^^^^^^^^
  File "C:\Users\paxto\Desktop\My Web Sites\gambinos_restaurant_and_lounge\.venv\Lib\site-packages\django\template\base.py", line 167, in _render
    return self.nodelist.render(context)
           ^^^^^^^^^^^^^^^^^^^^^^^^^^^^^
  File "C:\Users\paxto\Desktop\My Web Sites\gambinos_restaurant_and_lounge\.venv\Lib\site-packages\django\template\base.py", line 1005, in render
    return SafeString("".join([node.render_annotated(context) for node in self]))
                               ^^^^^^^^^^^^^^^^^^^^^^^^^^^^^^
  File "C:\Users\paxto\Desktop\My Web Sites\gambinos_restaurant_and_lounge\.venv\Lib\site-packages\django\template\base.py", line 966, in render_annotated
    return self.render(context)
           ^^^^^^^^^^^^^^^^^^^^
  File "C:\Users\paxto\Desktop\My Web Sites\gambinos_restaurant_and_lounge\.venv\Lib\site-packages\django\template\loader_tags.py", line 132, in render
    compiled_parent = self.get_parent(context)
                      ^^^^^^^^^^^^^^^^^^^^^^^^
  File "C:\Users\paxto\Desktop\My Web Sites\gambinos_restaurant_and_lounge\.venv\Lib\site-packages\django\template\loader_tags.py", line 129, in get_parent
    return self.find_template(parent, context)
           ^^^^^^^^^^^^^^^^^^^^^^^^^^^^^^^^^^^
  File "C:\Users\paxto\Desktop\My Web Sites\gambinos_restaurant_and_lounge\.venv\Lib\site-packages\django\template\loader_tags.py", line 107, in find_template
    template, origin = context.template.engine.find_template(
                       ^^^^^^^^^^^^^^^^^^^^^^^^^^^^^^^^^^^^^^
  File "C:\Users\paxto\Desktop\My Web Sites\gambinos_restaurant_and_lounge\.venv\Lib\site-packages\django\template\engine.py", line 157, in find_template
    template = loader.get_template(name, skip=skip)
               ^^^^^^^^^^^^^^^^^^^^^^^^^^^^^^^^^^^^
  File "C:\Users\paxto\Desktop\My Web Sites\gambinos_restaurant_and_lounge\.venv\Lib\site-packages\django\template\loaders\cached.py", line 57, in get_template
    template = super().get_template(template_name, skip)
               ^^^^^^^^^^^^^^^^^^^^^^^^^^^^^^^^^^^^^^^^^
  File "C:\Users\paxto\Desktop\My Web Sites\gambinos_restaurant_and_lounge\.venv\Lib\site-packages\django\template\loaders\base.py", line 28, in get_template
    return Template(
           ^^^^^^^^^
  File "C:\Users\paxto\Desktop\My Web Sites\gambinos_restaurant_and_lounge\.venv\Lib\site-packages\django\template\base.py", line 154, in __init__
    self.nodelist = self.compile_nodelist()
                    ^^^^^^^^^^^^^^^^^^^^^^^
  File "C:\Users\paxto\Desktop\My Web Sites\gambinos_restaurant_and_lounge\.venv\Lib\site-packages\django\template\base.py", line 200, in compile_nodelist
    return parser.parse()
           ^^^^^^^^^^^^^^
  File "C:\Users\paxto\Desktop\My Web Sites\gambinos_restaurant_and_lounge\.venv\Lib\site-packages\django\template\base.py", line 513, in parse
    raise self.error(token, e)
  File "C:\Users\paxto\Desktop\My Web Sites\gambinos_restaurant_and_lounge\.venv\Lib\site-packages\django\template\base.py", line 511, in parse
    compiled_result = compile_func(self, token)
                      ^^^^^^^^^^^^^^^^^^^^^^^^^
  File "C:\Users\paxto\Desktop\My Web Sites\gambinos_restaurant_and_lounge\.venv\Lib\site-packages\django\template\defaulttags.py", line 953, in do_if
    nodelist = parser.parse(("elif", "else", "endif"))
               ^^^^^^^^^^^^^^^^^^^^^^^^^^^^^^^^^^^^^^^
  File "C:\Users\paxto\Desktop\My Web Sites\gambinos_restaurant_and_lounge\.venv\Lib\site-packages\django\template\base.py", line 513, in parse
    raise self.error(token, e)
  File "C:\Users\paxto\Desktop\My Web Sites\gambinos_restaurant_and_lounge\.venv\Lib\site-packages\django\template\base.py", line 511, in parse
    compiled_result = compile_func(self, token)
                      ^^^^^^^^^^^^^^^^^^^^^^^^^
  File "C:\Users\paxto\Desktop\My Web Sites\gambinos_restaurant_and_lounge\.venv\Lib\site-packages\django\template\defaulttags.py", line 952, in do_if
    condition = TemplateIfParser(parser, bits).parse()
                ^^^^^^^^^^^^^^^^^^^^^^^^^^^^^^
  File "C:\Users\paxto\Desktop\My Web Sites\gambinos_restaurant_and_lounge\.venv\Lib\site-packages\django\template\defaulttags.py", line 885, in __init__
    super().__init__(*args, **kwargs)
  File "C:\Users\paxto\Desktop\My Web Sites\gambinos_restaurant_and_lounge\.venv\Lib\site-packages\django\template\smartif.py", line 170, in __init__
    mapped_tokens.append(self.translate_token(token))
                         ^^^^^^^^^^^^^^^^^^^^^^^^^^^
  File "C:\Users\paxto\Desktop\My Web Sites\gambinos_restaurant_and_lounge\.venv\Lib\site-packages\django\template\smartif.py", line 181, in translate_token
    return self.create_var(token)
           ^^^^^^^^^^^^^^^^^^^^^^
  File "C:\Users\paxto\Desktop\My Web Sites\gambinos_restaurant_and_lounge\.venv\Lib\site-packages\django\template\defaulttags.py", line 888, in create_var
    return TemplateLiteral(self.template_parser.compile_filter(value), value)
                           ^^^^^^^^^^^^^^^^^^^^^^^^^^^^^^^^^^^^^^^^^^
  File "C:\Users\paxto\Desktop\My Web Sites\gambinos_restaurant_and_lounge\.venv\Lib\site-packages\django\template\base.py", line 600, in compile_filter
    return FilterExpression(token, self)
           ^^^^^^^^^^^^^^^^^^^^^^^^^^^^^
  File "C:\Users\paxto\Desktop\My Web Sites\gambinos_restaurant_and_lounge\.venv\Lib\site-packages\django\template\base.py", line 703, in __init__
    raise TemplateSyntaxError(
django.template.exceptions.TemplateSyntaxError: Could not parse the remainder: '['user_reservations_overview',' from '['user_reservations_overview','
[2025-11-18 17:31:33,740] ERROR [django.server:212] "GET / HTTP/1.1" 500 254026
[2025-11-18 17:44:42,662] ERROR [django.request:246] Internal Server Error: /
Traceback (most recent call last):
  File "C:\Users\paxto\Desktop\My Web Sites\gambinos_restaurant_and_lounge\.venv\Lib\site-packages\django\core\handlers\exception.py", line 55, in inner
    response = get_response(request)
               ^^^^^^^^^^^^^^^^^^^^^
  File "C:\Users\paxto\Desktop\My Web Sites\gambinos_restaurant_and_lounge\.venv\Lib\site-packages\django\core\handlers\base.py", line 197, in _get_response
    response = wrapped_callback(request, *callback_args, **callback_kwargs)
               ^^^^^^^^^^^^^^^^^^^^^^^^^^^^^^^^^^^^^^^^^^^^^^^^^^^^^^^^^^^^
  File "C:\Users\paxto\Desktop\My Web Sites\gambinos_restaurant_and_lounge\reservation_book\views.py", line 30, in home
    return render(request, "reservation_book/index.html")
           ^^^^^^^^^^^^^^^^^^^^^^^^^^^^^^^^^^^^^^^^^^^^^^
  File "C:\Users\paxto\Desktop\My Web Sites\gambinos_restaurant_and_lounge\.venv\Lib\site-packages\django\shortcuts.py", line 24, in render
    content = loader.render_to_string(template_name, context, request, using=using)
              ^^^^^^^^^^^^^^^^^^^^^^^^^^^^^^^^^^^^^^^^^^^^^^^^^^^^^^^^^^^^^^^^^^^^^
  File "C:\Users\paxto\Desktop\My Web Sites\gambinos_restaurant_and_lounge\.venv\Lib\site-packages\django\template\loader.py", line 62, in render_to_string
    return template.render(context, request)
           ^^^^^^^^^^^^^^^^^^^^^^^^^^^^^^^^^
  File "C:\Users\paxto\Desktop\My Web Sites\gambinos_restaurant_and_lounge\.venv\Lib\site-packages\django\template\backends\django.py", line 61, in render
    return self.template.render(context)
           ^^^^^^^^^^^^^^^^^^^^^^^^^^^^^
  File "C:\Users\paxto\Desktop\My Web Sites\gambinos_restaurant_and_lounge\.venv\Lib\site-packages\django\template\base.py", line 175, in render
    return self._render(context)
           ^^^^^^^^^^^^^^^^^^^^^
  File "C:\Users\paxto\Desktop\My Web Sites\gambinos_restaurant_and_lounge\.venv\Lib\site-packages\django\template\base.py", line 167, in _render
    return self.nodelist.render(context)
           ^^^^^^^^^^^^^^^^^^^^^^^^^^^^^
  File "C:\Users\paxto\Desktop\My Web Sites\gambinos_restaurant_and_lounge\.venv\Lib\site-packages\django\template\base.py", line 1005, in render
    return SafeString("".join([node.render_annotated(context) for node in self]))
                               ^^^^^^^^^^^^^^^^^^^^^^^^^^^^^^
  File "C:\Users\paxto\Desktop\My Web Sites\gambinos_restaurant_and_lounge\.venv\Lib\site-packages\django\template\base.py", line 966, in render_annotated
    return self.render(context)
           ^^^^^^^^^^^^^^^^^^^^
  File "C:\Users\paxto\Desktop\My Web Sites\gambinos_restaurant_and_lounge\.venv\Lib\site-packages\django\template\loader_tags.py", line 157, in render
    return compiled_parent._render(context)
           ^^^^^^^^^^^^^^^^^^^^^^^^^^^^^^^^
  File "C:\Users\paxto\Desktop\My Web Sites\gambinos_restaurant_and_lounge\.venv\Lib\site-packages\django\template\base.py", line 167, in _render
    return self.nodelist.render(context)
           ^^^^^^^^^^^^^^^^^^^^^^^^^^^^^
  File "C:\Users\paxto\Desktop\My Web Sites\gambinos_restaurant_and_lounge\.venv\Lib\site-packages\django\template\base.py", line 1005, in render
    return SafeString("".join([node.render_annotated(context) for node in self]))
                               ^^^^^^^^^^^^^^^^^^^^^^^^^^^^^^
  File "C:\Users\paxto\Desktop\My Web Sites\gambinos_restaurant_and_lounge\.venv\Lib\site-packages\django\template\base.py", line 966, in render_annotated
    return self.render(context)
           ^^^^^^^^^^^^^^^^^^^^
  File "C:\Users\paxto\Desktop\My Web Sites\gambinos_restaurant_and_lounge\.venv\Lib\site-packages\django\template\defaulttags.py", line 321, in render
    return nodelist.render(context)
           ^^^^^^^^^^^^^^^^^^^^^^^^
  File "C:\Users\paxto\Desktop\My Web Sites\gambinos_restaurant_and_lounge\.venv\Lib\site-packages\django\template\base.py", line 1005, in render
    return SafeString("".join([node.render_annotated(context) for node in self]))
                               ^^^^^^^^^^^^^^^^^^^^^^^^^^^^^^
  File "C:\Users\paxto\Desktop\My Web Sites\gambinos_restaurant_and_lounge\.venv\Lib\site-packages\django\template\base.py", line 966, in render_annotated
    return self.render(context)
           ^^^^^^^^^^^^^^^^^^^^
  File "C:\Users\paxto\Desktop\My Web Sites\gambinos_restaurant_and_lounge\.venv\Lib\site-packages\django\template\defaulttags.py", line 471, in render
    url = reverse(view_name, args=args, kwargs=kwargs, current_app=current_app)
          ^^^^^^^^^^^^^^^^^^^^^^^^^^^^^^^^^^^^^^^^^^^^^^^^^^^^^^^^^^^^^^^^^^^^^
  File "C:\Users\paxto\Desktop\My Web Sites\gambinos_restaurant_and_lounge\.venv\Lib\site-packages\django\urls\base.py", line 88, in reverse
    return resolver._reverse_with_prefix(view, prefix, *args, **kwargs)
           ^^^^^^^^^^^^^^^^^^^^^^^^^^^^^^^^^^^^^^^^^^^^^^^^^^^^^^^^^^^^
  File "C:\Users\paxto\Desktop\My Web Sites\gambinos_restaurant_and_lounge\.venv\Lib\site-packages\django\urls\resolvers.py", line 828, in _reverse_with_prefix
    raise NoReverseMatch(msg)
django.urls.exceptions.NoReverseMatch: Reverse for 'user_reservations_overview' not found. 'user_reservations_overview' is not a valid view function or pattern name.
[2025-11-18 17:44:42,667] ERROR [django.server:212] "GET / HTTP/1.1" 500 163931
[2025-11-18 17:46:31,246] ERROR [django.request:246] Internal Server Error: /
Traceback (most recent call last):
  File "C:\Users\paxto\Desktop\My Web Sites\gambinos_restaurant_and_lounge\.venv\Lib\site-packages\django\core\handlers\exception.py", line 55, in inner
    response = get_response(request)
               ^^^^^^^^^^^^^^^^^^^^^
  File "C:\Users\paxto\Desktop\My Web Sites\gambinos_restaurant_and_lounge\.venv\Lib\site-packages\django\core\handlers\base.py", line 197, in _get_response
    response = wrapped_callback(request, *callback_args, **callback_kwargs)
               ^^^^^^^^^^^^^^^^^^^^^^^^^^^^^^^^^^^^^^^^^^^^^^^^^^^^^^^^^^^^
  File "C:\Users\paxto\Desktop\My Web Sites\gambinos_restaurant_and_lounge\reservation_book\views.py", line 30, in home
    return render(request, "reservation_book/index.html")
           ^^^^^^^^^^^^^^^^^^^^^^^^^^^^^^^^^^^^^^^^^^^^^^
  File "C:\Users\paxto\Desktop\My Web Sites\gambinos_restaurant_and_lounge\.venv\Lib\site-packages\django\shortcuts.py", line 24, in render
    content = loader.render_to_string(template_name, context, request, using=using)
              ^^^^^^^^^^^^^^^^^^^^^^^^^^^^^^^^^^^^^^^^^^^^^^^^^^^^^^^^^^^^^^^^^^^^^
  File "C:\Users\paxto\Desktop\My Web Sites\gambinos_restaurant_and_lounge\.venv\Lib\site-packages\django\template\loader.py", line 62, in render_to_string
    return template.render(context, request)
           ^^^^^^^^^^^^^^^^^^^^^^^^^^^^^^^^^
  File "C:\Users\paxto\Desktop\My Web Sites\gambinos_restaurant_and_lounge\.venv\Lib\site-packages\django\template\backends\django.py", line 61, in render
    return self.template.render(context)
           ^^^^^^^^^^^^^^^^^^^^^^^^^^^^^
  File "C:\Users\paxto\Desktop\My Web Sites\gambinos_restaurant_and_lounge\.venv\Lib\site-packages\django\template\base.py", line 175, in render
    return self._render(context)
           ^^^^^^^^^^^^^^^^^^^^^
  File "C:\Users\paxto\Desktop\My Web Sites\gambinos_restaurant_and_lounge\.venv\Lib\site-packages\django\template\base.py", line 167, in _render
    return self.nodelist.render(context)
           ^^^^^^^^^^^^^^^^^^^^^^^^^^^^^
  File "C:\Users\paxto\Desktop\My Web Sites\gambinos_restaurant_and_lounge\.venv\Lib\site-packages\django\template\base.py", line 1005, in render
    return SafeString("".join([node.render_annotated(context) for node in self]))
                               ^^^^^^^^^^^^^^^^^^^^^^^^^^^^^^
  File "C:\Users\paxto\Desktop\My Web Sites\gambinos_restaurant_and_lounge\.venv\Lib\site-packages\django\template\base.py", line 966, in render_annotated
    return self.render(context)
           ^^^^^^^^^^^^^^^^^^^^
  File "C:\Users\paxto\Desktop\My Web Sites\gambinos_restaurant_and_lounge\.venv\Lib\site-packages\django\template\loader_tags.py", line 157, in render
    return compiled_parent._render(context)
           ^^^^^^^^^^^^^^^^^^^^^^^^^^^^^^^^
  File "C:\Users\paxto\Desktop\My Web Sites\gambinos_restaurant_and_lounge\.venv\Lib\site-packages\django\template\base.py", line 167, in _render
    return self.nodelist.render(context)
           ^^^^^^^^^^^^^^^^^^^^^^^^^^^^^
  File "C:\Users\paxto\Desktop\My Web Sites\gambinos_restaurant_and_lounge\.venv\Lib\site-packages\django\template\base.py", line 1005, in render
    return SafeString("".join([node.render_annotated(context) for node in self]))
                               ^^^^^^^^^^^^^^^^^^^^^^^^^^^^^^
  File "C:\Users\paxto\Desktop\My Web Sites\gambinos_restaurant_and_lounge\.venv\Lib\site-packages\django\template\base.py", line 966, in render_annotated
    return self.render(context)
           ^^^^^^^^^^^^^^^^^^^^
  File "C:\Users\paxto\Desktop\My Web Sites\gambinos_restaurant_and_lounge\.venv\Lib\site-packages\django\template\defaulttags.py", line 321, in render
    return nodelist.render(context)
           ^^^^^^^^^^^^^^^^^^^^^^^^
  File "C:\Users\paxto\Desktop\My Web Sites\gambinos_restaurant_and_lounge\.venv\Lib\site-packages\django\template\base.py", line 1005, in render
    return SafeString("".join([node.render_annotated(context) for node in self]))
                               ^^^^^^^^^^^^^^^^^^^^^^^^^^^^^^
  File "C:\Users\paxto\Desktop\My Web Sites\gambinos_restaurant_and_lounge\.venv\Lib\site-packages\django\template\base.py", line 966, in render_annotated
    return self.render(context)
           ^^^^^^^^^^^^^^^^^^^^
  File "C:\Users\paxto\Desktop\My Web Sites\gambinos_restaurant_and_lounge\.venv\Lib\site-packages\django\template\defaulttags.py", line 471, in render
    url = reverse(view_name, args=args, kwargs=kwargs, current_app=current_app)
          ^^^^^^^^^^^^^^^^^^^^^^^^^^^^^^^^^^^^^^^^^^^^^^^^^^^^^^^^^^^^^^^^^^^^^
  File "C:\Users\paxto\Desktop\My Web Sites\gambinos_restaurant_and_lounge\.venv\Lib\site-packages\django\urls\base.py", line 88, in reverse
    return resolver._reverse_with_prefix(view, prefix, *args, **kwargs)
           ^^^^^^^^^^^^^^^^^^^^^^^^^^^^^^^^^^^^^^^^^^^^^^^^^^^^^^^^^^^^
  File "C:\Users\paxto\Desktop\My Web Sites\gambinos_restaurant_and_lounge\.venv\Lib\site-packages\django\urls\resolvers.py", line 828, in _reverse_with_prefix
    raise NoReverseMatch(msg)
django.urls.exceptions.NoReverseMatch: Reverse for 'user_reservations_overview' not found. 'user_reservations_overview' is not a valid view function or pattern name.
[2025-11-18 17:46:31,257] ERROR [django.server:212] "GET / HTTP/1.1" 500 163666
[2025-11-18 17:54:30,966] ERROR [django.request:246] Internal Server Error: /
Traceback (most recent call last):
  File "C:\Users\paxto\Desktop\My Web Sites\gambinos_restaurant_and_lounge\.venv\Lib\site-packages\django\core\handlers\exception.py", line 55, in inner
    response = get_response(request)
               ^^^^^^^^^^^^^^^^^^^^^
  File "C:\Users\paxto\Desktop\My Web Sites\gambinos_restaurant_and_lounge\.venv\Lib\site-packages\django\core\handlers\base.py", line 197, in _get_response
    response = wrapped_callback(request, *callback_args, **callback_kwargs)
               ^^^^^^^^^^^^^^^^^^^^^^^^^^^^^^^^^^^^^^^^^^^^^^^^^^^^^^^^^^^^
  File "C:\Users\paxto\Desktop\My Web Sites\gambinos_restaurant_and_lounge\reservation_book\views.py", line 30, in home
    return render(request, "reservation_book/index.html")
           ^^^^^^^^^^^^^^^^^^^^^^^^^^^^^^^^^^^^^^^^^^^^^^
  File "C:\Users\paxto\Desktop\My Web Sites\gambinos_restaurant_and_lounge\.venv\Lib\site-packages\django\shortcuts.py", line 24, in render
    content = loader.render_to_string(template_name, context, request, using=using)
              ^^^^^^^^^^^^^^^^^^^^^^^^^^^^^^^^^^^^^^^^^^^^^^^^^^^^^^^^^^^^^^^^^^^^^
  File "C:\Users\paxto\Desktop\My Web Sites\gambinos_restaurant_and_lounge\.venv\Lib\site-packages\django\template\loader.py", line 62, in render_to_string
    return template.render(context, request)
           ^^^^^^^^^^^^^^^^^^^^^^^^^^^^^^^^^
  File "C:\Users\paxto\Desktop\My Web Sites\gambinos_restaurant_and_lounge\.venv\Lib\site-packages\django\template\backends\django.py", line 61, in render
    return self.template.render(context)
           ^^^^^^^^^^^^^^^^^^^^^^^^^^^^^
  File "C:\Users\paxto\Desktop\My Web Sites\gambinos_restaurant_and_lounge\.venv\Lib\site-packages\django\template\base.py", line 175, in render
    return self._render(context)
           ^^^^^^^^^^^^^^^^^^^^^
  File "C:\Users\paxto\Desktop\My Web Sites\gambinos_restaurant_and_lounge\.venv\Lib\site-packages\django\template\base.py", line 167, in _render
    return self.nodelist.render(context)
           ^^^^^^^^^^^^^^^^^^^^^^^^^^^^^
  File "C:\Users\paxto\Desktop\My Web Sites\gambinos_restaurant_and_lounge\.venv\Lib\site-packages\django\template\base.py", line 1005, in render
    return SafeString("".join([node.render_annotated(context) for node in self]))
                               ^^^^^^^^^^^^^^^^^^^^^^^^^^^^^^
  File "C:\Users\paxto\Desktop\My Web Sites\gambinos_restaurant_and_lounge\.venv\Lib\site-packages\django\template\base.py", line 966, in render_annotated
    return self.render(context)
           ^^^^^^^^^^^^^^^^^^^^
  File "C:\Users\paxto\Desktop\My Web Sites\gambinos_restaurant_and_lounge\.venv\Lib\site-packages\django\template\loader_tags.py", line 157, in render
    return compiled_parent._render(context)
           ^^^^^^^^^^^^^^^^^^^^^^^^^^^^^^^^
  File "C:\Users\paxto\Desktop\My Web Sites\gambinos_restaurant_and_lounge\.venv\Lib\site-packages\django\template\base.py", line 167, in _render
    return self.nodelist.render(context)
           ^^^^^^^^^^^^^^^^^^^^^^^^^^^^^
  File "C:\Users\paxto\Desktop\My Web Sites\gambinos_restaurant_and_lounge\.venv\Lib\site-packages\django\template\base.py", line 1005, in render
    return SafeString("".join([node.render_annotated(context) for node in self]))
                               ^^^^^^^^^^^^^^^^^^^^^^^^^^^^^^
  File "C:\Users\paxto\Desktop\My Web Sites\gambinos_restaurant_and_lounge\.venv\Lib\site-packages\django\template\base.py", line 966, in render_annotated
    return self.render(context)
           ^^^^^^^^^^^^^^^^^^^^
  File "C:\Users\paxto\Desktop\My Web Sites\gambinos_restaurant_and_lounge\.venv\Lib\site-packages\django\template\defaulttags.py", line 321, in render
    return nodelist.render(context)
           ^^^^^^^^^^^^^^^^^^^^^^^^
  File "C:\Users\paxto\Desktop\My Web Sites\gambinos_restaurant_and_lounge\.venv\Lib\site-packages\django\template\base.py", line 1005, in render
    return SafeString("".join([node.render_annotated(context) for node in self]))
                               ^^^^^^^^^^^^^^^^^^^^^^^^^^^^^^
  File "C:\Users\paxto\Desktop\My Web Sites\gambinos_restaurant_and_lounge\.venv\Lib\site-packages\django\template\base.py", line 966, in render_annotated
    return self.render(context)
           ^^^^^^^^^^^^^^^^^^^^
  File "C:\Users\paxto\Desktop\My Web Sites\gambinos_restaurant_and_lounge\.venv\Lib\site-packages\django\template\defaulttags.py", line 471, in render
    url = reverse(view_name, args=args, kwargs=kwargs, current_app=current_app)
          ^^^^^^^^^^^^^^^^^^^^^^^^^^^^^^^^^^^^^^^^^^^^^^^^^^^^^^^^^^^^^^^^^^^^^
  File "C:\Users\paxto\Desktop\My Web Sites\gambinos_restaurant_and_lounge\.venv\Lib\site-packages\django\urls\base.py", line 88, in reverse
    return resolver._reverse_with_prefix(view, prefix, *args, **kwargs)
           ^^^^^^^^^^^^^^^^^^^^^^^^^^^^^^^^^^^^^^^^^^^^^^^^^^^^^^^^^^^^
  File "C:\Users\paxto\Desktop\My Web Sites\gambinos_restaurant_and_lounge\.venv\Lib\site-packages\django\urls\resolvers.py", line 828, in _reverse_with_prefix
    raise NoReverseMatch(msg)
django.urls.exceptions.NoReverseMatch: Reverse for 'user_reservations_overview' not found. 'user_reservations_overview' is not a valid view function or pattern name.
[2025-11-18 17:54:30,971] ERROR [django.server:212] "GET / HTTP/1.1" 500 164245
[2025-11-18 17:55:14,534] ERROR [django.request:246] Internal Server Error: /
Traceback (most recent call last):
  File "C:\Users\paxto\Desktop\My Web Sites\gambinos_restaurant_and_lounge\.venv\Lib\site-packages\django\core\handlers\exception.py", line 55, in inner
    response = get_response(request)
               ^^^^^^^^^^^^^^^^^^^^^
  File "C:\Users\paxto\Desktop\My Web Sites\gambinos_restaurant_and_lounge\.venv\Lib\site-packages\django\core\handlers\base.py", line 197, in _get_response
    response = wrapped_callback(request, *callback_args, **callback_kwargs)
               ^^^^^^^^^^^^^^^^^^^^^^^^^^^^^^^^^^^^^^^^^^^^^^^^^^^^^^^^^^^^
  File "C:\Users\paxto\Desktop\My Web Sites\gambinos_restaurant_and_lounge\reservation_book\views.py", line 30, in home
    return render(request, "reservation_book/index.html")
           ^^^^^^^^^^^^^^^^^^^^^^^^^^^^^^^^^^^^^^^^^^^^^^
  File "C:\Users\paxto\Desktop\My Web Sites\gambinos_restaurant_and_lounge\.venv\Lib\site-packages\django\shortcuts.py", line 24, in render
    content = loader.render_to_string(template_name, context, request, using=using)
              ^^^^^^^^^^^^^^^^^^^^^^^^^^^^^^^^^^^^^^^^^^^^^^^^^^^^^^^^^^^^^^^^^^^^^
  File "C:\Users\paxto\Desktop\My Web Sites\gambinos_restaurant_and_lounge\.venv\Lib\site-packages\django\template\loader.py", line 62, in render_to_string
    return template.render(context, request)
           ^^^^^^^^^^^^^^^^^^^^^^^^^^^^^^^^^
  File "C:\Users\paxto\Desktop\My Web Sites\gambinos_restaurant_and_lounge\.venv\Lib\site-packages\django\template\backends\django.py", line 61, in render
    return self.template.render(context)
           ^^^^^^^^^^^^^^^^^^^^^^^^^^^^^
  File "C:\Users\paxto\Desktop\My Web Sites\gambinos_restaurant_and_lounge\.venv\Lib\site-packages\django\template\base.py", line 175, in render
    return self._render(context)
           ^^^^^^^^^^^^^^^^^^^^^
  File "C:\Users\paxto\Desktop\My Web Sites\gambinos_restaurant_and_lounge\.venv\Lib\site-packages\django\template\base.py", line 167, in _render
    return self.nodelist.render(context)
           ^^^^^^^^^^^^^^^^^^^^^^^^^^^^^
  File "C:\Users\paxto\Desktop\My Web Sites\gambinos_restaurant_and_lounge\.venv\Lib\site-packages\django\template\base.py", line 1005, in render
    return SafeString("".join([node.render_annotated(context) for node in self]))
                               ^^^^^^^^^^^^^^^^^^^^^^^^^^^^^^
  File "C:\Users\paxto\Desktop\My Web Sites\gambinos_restaurant_and_lounge\.venv\Lib\site-packages\django\template\base.py", line 966, in render_annotated
    return self.render(context)
           ^^^^^^^^^^^^^^^^^^^^
  File "C:\Users\paxto\Desktop\My Web Sites\gambinos_restaurant_and_lounge\.venv\Lib\site-packages\django\template\loader_tags.py", line 157, in render
    return compiled_parent._render(context)
           ^^^^^^^^^^^^^^^^^^^^^^^^^^^^^^^^
  File "C:\Users\paxto\Desktop\My Web Sites\gambinos_restaurant_and_lounge\.venv\Lib\site-packages\django\template\base.py", line 167, in _render
    return self.nodelist.render(context)
           ^^^^^^^^^^^^^^^^^^^^^^^^^^^^^
  File "C:\Users\paxto\Desktop\My Web Sites\gambinos_restaurant_and_lounge\.venv\Lib\site-packages\django\template\base.py", line 1005, in render
    return SafeString("".join([node.render_annotated(context) for node in self]))
                               ^^^^^^^^^^^^^^^^^^^^^^^^^^^^^^
  File "C:\Users\paxto\Desktop\My Web Sites\gambinos_restaurant_and_lounge\.venv\Lib\site-packages\django\template\base.py", line 966, in render_annotated
    return self.render(context)
           ^^^^^^^^^^^^^^^^^^^^
  File "C:\Users\paxto\Desktop\My Web Sites\gambinos_restaurant_and_lounge\.venv\Lib\site-packages\django\template\defaulttags.py", line 321, in render
    return nodelist.render(context)
           ^^^^^^^^^^^^^^^^^^^^^^^^
  File "C:\Users\paxto\Desktop\My Web Sites\gambinos_restaurant_and_lounge\.venv\Lib\site-packages\django\template\base.py", line 1005, in render
    return SafeString("".join([node.render_annotated(context) for node in self]))
                               ^^^^^^^^^^^^^^^^^^^^^^^^^^^^^^
  File "C:\Users\paxto\Desktop\My Web Sites\gambinos_restaurant_and_lounge\.venv\Lib\site-packages\django\template\base.py", line 966, in render_annotated
    return self.render(context)
           ^^^^^^^^^^^^^^^^^^^^
  File "C:\Users\paxto\Desktop\My Web Sites\gambinos_restaurant_and_lounge\.venv\Lib\site-packages\django\template\defaulttags.py", line 471, in render
    url = reverse(view_name, args=args, kwargs=kwargs, current_app=current_app)
          ^^^^^^^^^^^^^^^^^^^^^^^^^^^^^^^^^^^^^^^^^^^^^^^^^^^^^^^^^^^^^^^^^^^^^
  File "C:\Users\paxto\Desktop\My Web Sites\gambinos_restaurant_and_lounge\.venv\Lib\site-packages\django\urls\base.py", line 88, in reverse
    return resolver._reverse_with_prefix(view, prefix, *args, **kwargs)
           ^^^^^^^^^^^^^^^^^^^^^^^^^^^^^^^^^^^^^^^^^^^^^^^^^^^^^^^^^^^^
  File "C:\Users\paxto\Desktop\My Web Sites\gambinos_restaurant_and_lounge\.venv\Lib\site-packages\django\urls\resolvers.py", line 828, in _reverse_with_prefix
    raise NoReverseMatch(msg)
django.urls.exceptions.NoReverseMatch: Reverse for 'user_reservations_overview' not found. 'user_reservations_overview' is not a valid view function or pattern name.
[2025-11-18 17:55:14,541] ERROR [django.server:212] "GET / HTTP/1.1" 500 163980
[2025-11-18 18:04:44,422] ERROR [django.request:246] Internal Server Error: /
Traceback (most recent call last):
  File "C:\Users\paxto\Desktop\My Web Sites\gambinos_restaurant_and_lounge\.venv\Lib\site-packages\django\core\handlers\exception.py", line 55, in inner
    response = get_response(request)
               ^^^^^^^^^^^^^^^^^^^^^
  File "C:\Users\paxto\Desktop\My Web Sites\gambinos_restaurant_and_lounge\.venv\Lib\site-packages\django\core\handlers\base.py", line 197, in _get_response
    response = wrapped_callback(request, *callback_args, **callback_kwargs)
               ^^^^^^^^^^^^^^^^^^^^^^^^^^^^^^^^^^^^^^^^^^^^^^^^^^^^^^^^^^^^
  File "C:\Users\paxto\Desktop\My Web Sites\gambinos_restaurant_and_lounge\reservation_book\views.py", line 30, in home
    return render(request, "reservation_book/index.html")
           ^^^^^^^^^^^^^^^^^^^^^^^^^^^^^^^^^^^^^^^^^^^^^^
  File "C:\Users\paxto\Desktop\My Web Sites\gambinos_restaurant_and_lounge\.venv\Lib\site-packages\django\shortcuts.py", line 24, in render
    content = loader.render_to_string(template_name, context, request, using=using)
              ^^^^^^^^^^^^^^^^^^^^^^^^^^^^^^^^^^^^^^^^^^^^^^^^^^^^^^^^^^^^^^^^^^^^^
  File "C:\Users\paxto\Desktop\My Web Sites\gambinos_restaurant_and_lounge\.venv\Lib\site-packages\django\template\loader.py", line 62, in render_to_string
    return template.render(context, request)
           ^^^^^^^^^^^^^^^^^^^^^^^^^^^^^^^^^
  File "C:\Users\paxto\Desktop\My Web Sites\gambinos_restaurant_and_lounge\.venv\Lib\site-packages\django\template\backends\django.py", line 61, in render
    return self.template.render(context)
           ^^^^^^^^^^^^^^^^^^^^^^^^^^^^^
  File "C:\Users\paxto\Desktop\My Web Sites\gambinos_restaurant_and_lounge\.venv\Lib\site-packages\django\template\base.py", line 175, in render
    return self._render(context)
           ^^^^^^^^^^^^^^^^^^^^^
  File "C:\Users\paxto\Desktop\My Web Sites\gambinos_restaurant_and_lounge\.venv\Lib\site-packages\django\template\base.py", line 167, in _render
    return self.nodelist.render(context)
           ^^^^^^^^^^^^^^^^^^^^^^^^^^^^^
  File "C:\Users\paxto\Desktop\My Web Sites\gambinos_restaurant_and_lounge\.venv\Lib\site-packages\django\template\base.py", line 1005, in render
    return SafeString("".join([node.render_annotated(context) for node in self]))
                               ^^^^^^^^^^^^^^^^^^^^^^^^^^^^^^
  File "C:\Users\paxto\Desktop\My Web Sites\gambinos_restaurant_and_lounge\.venv\Lib\site-packages\django\template\base.py", line 966, in render_annotated
    return self.render(context)
           ^^^^^^^^^^^^^^^^^^^^
  File "C:\Users\paxto\Desktop\My Web Sites\gambinos_restaurant_and_lounge\.venv\Lib\site-packages\django\template\loader_tags.py", line 157, in render
    return compiled_parent._render(context)
           ^^^^^^^^^^^^^^^^^^^^^^^^^^^^^^^^
  File "C:\Users\paxto\Desktop\My Web Sites\gambinos_restaurant_and_lounge\.venv\Lib\site-packages\django\template\base.py", line 167, in _render
    return self.nodelist.render(context)
           ^^^^^^^^^^^^^^^^^^^^^^^^^^^^^
  File "C:\Users\paxto\Desktop\My Web Sites\gambinos_restaurant_and_lounge\.venv\Lib\site-packages\django\template\base.py", line 1005, in render
    return SafeString("".join([node.render_annotated(context) for node in self]))
                               ^^^^^^^^^^^^^^^^^^^^^^^^^^^^^^
  File "C:\Users\paxto\Desktop\My Web Sites\gambinos_restaurant_and_lounge\.venv\Lib\site-packages\django\template\base.py", line 966, in render_annotated
    return self.render(context)
           ^^^^^^^^^^^^^^^^^^^^
  File "C:\Users\paxto\Desktop\My Web Sites\gambinos_restaurant_and_lounge\.venv\Lib\site-packages\django\template\defaulttags.py", line 321, in render
    return nodelist.render(context)
           ^^^^^^^^^^^^^^^^^^^^^^^^
  File "C:\Users\paxto\Desktop\My Web Sites\gambinos_restaurant_and_lounge\.venv\Lib\site-packages\django\template\base.py", line 1005, in render
    return SafeString("".join([node.render_annotated(context) for node in self]))
                               ^^^^^^^^^^^^^^^^^^^^^^^^^^^^^^
  File "C:\Users\paxto\Desktop\My Web Sites\gambinos_restaurant_and_lounge\.venv\Lib\site-packages\django\template\base.py", line 966, in render_annotated
    return self.render(context)
           ^^^^^^^^^^^^^^^^^^^^
  File "C:\Users\paxto\Desktop\My Web Sites\gambinos_restaurant_and_lounge\.venv\Lib\site-packages\django\template\defaulttags.py", line 471, in render
    url = reverse(view_name, args=args, kwargs=kwargs, current_app=current_app)
          ^^^^^^^^^^^^^^^^^^^^^^^^^^^^^^^^^^^^^^^^^^^^^^^^^^^^^^^^^^^^^^^^^^^^^
  File "C:\Users\paxto\Desktop\My Web Sites\gambinos_restaurant_and_lounge\.venv\Lib\site-packages\django\urls\base.py", line 88, in reverse
    return resolver._reverse_with_prefix(view, prefix, *args, **kwargs)
           ^^^^^^^^^^^^^^^^^^^^^^^^^^^^^^^^^^^^^^^^^^^^^^^^^^^^^^^^^^^^
  File "C:\Users\paxto\Desktop\My Web Sites\gambinos_restaurant_and_lounge\.venv\Lib\site-packages\django\urls\resolvers.py", line 828, in _reverse_with_prefix
    raise NoReverseMatch(msg)
django.urls.exceptions.NoReverseMatch: Reverse for 'account_logout' not found. 'account_logout' is not a valid view function or pattern name.
[2025-11-18 18:04:44,427] ERROR [django.server:212] "GET / HTTP/1.1" 500 162835
[2025-11-18 18:05:21,992] ERROR [django.request:246] Internal Server Error: /
Traceback (most recent call last):
  File "C:\Users\paxto\Desktop\My Web Sites\gambinos_restaurant_and_lounge\.venv\Lib\site-packages\django\core\handlers\exception.py", line 55, in inner
    response = get_response(request)
               ^^^^^^^^^^^^^^^^^^^^^
  File "C:\Users\paxto\Desktop\My Web Sites\gambinos_restaurant_and_lounge\.venv\Lib\site-packages\django\core\handlers\base.py", line 197, in _get_response
    response = wrapped_callback(request, *callback_args, **callback_kwargs)
               ^^^^^^^^^^^^^^^^^^^^^^^^^^^^^^^^^^^^^^^^^^^^^^^^^^^^^^^^^^^^
  File "C:\Users\paxto\Desktop\My Web Sites\gambinos_restaurant_and_lounge\reservation_book\views.py", line 30, in home
    return render(request, "reservation_book/index.html")
           ^^^^^^^^^^^^^^^^^^^^^^^^^^^^^^^^^^^^^^^^^^^^^^
  File "C:\Users\paxto\Desktop\My Web Sites\gambinos_restaurant_and_lounge\.venv\Lib\site-packages\django\shortcuts.py", line 24, in render
    content = loader.render_to_string(template_name, context, request, using=using)
              ^^^^^^^^^^^^^^^^^^^^^^^^^^^^^^^^^^^^^^^^^^^^^^^^^^^^^^^^^^^^^^^^^^^^^
  File "C:\Users\paxto\Desktop\My Web Sites\gambinos_restaurant_and_lounge\.venv\Lib\site-packages\django\template\loader.py", line 62, in render_to_string
    return template.render(context, request)
           ^^^^^^^^^^^^^^^^^^^^^^^^^^^^^^^^^
  File "C:\Users\paxto\Desktop\My Web Sites\gambinos_restaurant_and_lounge\.venv\Lib\site-packages\django\template\backends\django.py", line 61, in render
    return self.template.render(context)
           ^^^^^^^^^^^^^^^^^^^^^^^^^^^^^
  File "C:\Users\paxto\Desktop\My Web Sites\gambinos_restaurant_and_lounge\.venv\Lib\site-packages\django\template\base.py", line 175, in render
    return self._render(context)
           ^^^^^^^^^^^^^^^^^^^^^
  File "C:\Users\paxto\Desktop\My Web Sites\gambinos_restaurant_and_lounge\.venv\Lib\site-packages\django\template\base.py", line 167, in _render
    return self.nodelist.render(context)
           ^^^^^^^^^^^^^^^^^^^^^^^^^^^^^
  File "C:\Users\paxto\Desktop\My Web Sites\gambinos_restaurant_and_lounge\.venv\Lib\site-packages\django\template\base.py", line 1005, in render
    return SafeString("".join([node.render_annotated(context) for node in self]))
                               ^^^^^^^^^^^^^^^^^^^^^^^^^^^^^^
  File "C:\Users\paxto\Desktop\My Web Sites\gambinos_restaurant_and_lounge\.venv\Lib\site-packages\django\template\base.py", line 966, in render_annotated
    return self.render(context)
           ^^^^^^^^^^^^^^^^^^^^
  File "C:\Users\paxto\Desktop\My Web Sites\gambinos_restaurant_and_lounge\.venv\Lib\site-packages\django\template\loader_tags.py", line 157, in render
    return compiled_parent._render(context)
           ^^^^^^^^^^^^^^^^^^^^^^^^^^^^^^^^
  File "C:\Users\paxto\Desktop\My Web Sites\gambinos_restaurant_and_lounge\.venv\Lib\site-packages\django\template\base.py", line 167, in _render
    return self.nodelist.render(context)
           ^^^^^^^^^^^^^^^^^^^^^^^^^^^^^
  File "C:\Users\paxto\Desktop\My Web Sites\gambinos_restaurant_and_lounge\.venv\Lib\site-packages\django\template\base.py", line 1005, in render
    return SafeString("".join([node.render_annotated(context) for node in self]))
                               ^^^^^^^^^^^^^^^^^^^^^^^^^^^^^^
  File "C:\Users\paxto\Desktop\My Web Sites\gambinos_restaurant_and_lounge\.venv\Lib\site-packages\django\template\base.py", line 966, in render_annotated
    return self.render(context)
           ^^^^^^^^^^^^^^^^^^^^
  File "C:\Users\paxto\Desktop\My Web Sites\gambinos_restaurant_and_lounge\.venv\Lib\site-packages\django\template\defaulttags.py", line 321, in render
    return nodelist.render(context)
           ^^^^^^^^^^^^^^^^^^^^^^^^
  File "C:\Users\paxto\Desktop\My Web Sites\gambinos_restaurant_and_lounge\.venv\Lib\site-packages\django\template\base.py", line 1005, in render
    return SafeString("".join([node.render_annotated(context) for node in self]))
                               ^^^^^^^^^^^^^^^^^^^^^^^^^^^^^^
  File "C:\Users\paxto\Desktop\My Web Sites\gambinos_restaurant_and_lounge\.venv\Lib\site-packages\django\template\base.py", line 966, in render_annotated
    return self.render(context)
           ^^^^^^^^^^^^^^^^^^^^
  File "C:\Users\paxto\Desktop\My Web Sites\gambinos_restaurant_and_lounge\.venv\Lib\site-packages\django\template\defaulttags.py", line 471, in render
    url = reverse(view_name, args=args, kwargs=kwargs, current_app=current_app)
          ^^^^^^^^^^^^^^^^^^^^^^^^^^^^^^^^^^^^^^^^^^^^^^^^^^^^^^^^^^^^^^^^^^^^^
  File "C:\Users\paxto\Desktop\My Web Sites\gambinos_restaurant_and_lounge\.venv\Lib\site-packages\django\urls\base.py", line 88, in reverse
    return resolver._reverse_with_prefix(view, prefix, *args, **kwargs)
           ^^^^^^^^^^^^^^^^^^^^^^^^^^^^^^^^^^^^^^^^^^^^^^^^^^^^^^^^^^^^
  File "C:\Users\paxto\Desktop\My Web Sites\gambinos_restaurant_and_lounge\.venv\Lib\site-packages\django\urls\resolvers.py", line 828, in _reverse_with_prefix
    raise NoReverseMatch(msg)
django.urls.exceptions.NoReverseMatch: Reverse for 'account_logout' not found. 'account_logout' is not a valid view function or pattern name.
[2025-11-18 18:05:22,001] ERROR [django.server:212] "GET / HTTP/1.1" 500 162570
[2025-11-18 20:24:12,258] ERROR [django.request:246] Internal Server Error: /
Traceback (most recent call last):
  File "C:\Users\paxto\Desktop\My Web Sites\gambinos_restaurant_and_lounge\.venv\Lib\site-packages\django\template\smartif.py", line 179, in translate_token
    op = OPERATORS[token]
         ~~~~~~~~~^^^^^^^
KeyError: "['home']"

During handling of the above exception, another exception occurred:

Traceback (most recent call last):
  File "C:\Users\paxto\Desktop\My Web Sites\gambinos_restaurant_and_lounge\.venv\Lib\site-packages\django\core\handlers\exception.py", line 55, in inner
    response = get_response(request)
               ^^^^^^^^^^^^^^^^^^^^^
  File "C:\Users\paxto\Desktop\My Web Sites\gambinos_restaurant_and_lounge\.venv\Lib\site-packages\django\core\handlers\base.py", line 197, in _get_response
    response = wrapped_callback(request, *callback_args, **callback_kwargs)
               ^^^^^^^^^^^^^^^^^^^^^^^^^^^^^^^^^^^^^^^^^^^^^^^^^^^^^^^^^^^^
  File "C:\Users\paxto\Desktop\My Web Sites\gambinos_restaurant_and_lounge\reservation_book\views.py", line 35, in home
    return render(request, "reservation_book/index.html")
           ^^^^^^^^^^^^^^^^^^^^^^^^^^^^^^^^^^^^^^^^^^^^^^
  File "C:\Users\paxto\Desktop\My Web Sites\gambinos_restaurant_and_lounge\.venv\Lib\site-packages\django\shortcuts.py", line 24, in render
    content = loader.render_to_string(template_name, context, request, using=using)
              ^^^^^^^^^^^^^^^^^^^^^^^^^^^^^^^^^^^^^^^^^^^^^^^^^^^^^^^^^^^^^^^^^^^^^
  File "C:\Users\paxto\Desktop\My Web Sites\gambinos_restaurant_and_lounge\.venv\Lib\site-packages\django\template\loader.py", line 62, in render_to_string
    return template.render(context, request)
           ^^^^^^^^^^^^^^^^^^^^^^^^^^^^^^^^^
  File "C:\Users\paxto\Desktop\My Web Sites\gambinos_restaurant_and_lounge\.venv\Lib\site-packages\django\template\backends\django.py", line 61, in render
    return self.template.render(context)
           ^^^^^^^^^^^^^^^^^^^^^^^^^^^^^
  File "C:\Users\paxto\Desktop\My Web Sites\gambinos_restaurant_and_lounge\.venv\Lib\site-packages\django\template\base.py", line 175, in render
    return self._render(context)
           ^^^^^^^^^^^^^^^^^^^^^
  File "C:\Users\paxto\Desktop\My Web Sites\gambinos_restaurant_and_lounge\.venv\Lib\site-packages\django\template\base.py", line 167, in _render
    return self.nodelist.render(context)
           ^^^^^^^^^^^^^^^^^^^^^^^^^^^^^
  File "C:\Users\paxto\Desktop\My Web Sites\gambinos_restaurant_and_lounge\.venv\Lib\site-packages\django\template\base.py", line 1005, in render
    return SafeString("".join([node.render_annotated(context) for node in self]))
                               ^^^^^^^^^^^^^^^^^^^^^^^^^^^^^^
  File "C:\Users\paxto\Desktop\My Web Sites\gambinos_restaurant_and_lounge\.venv\Lib\site-packages\django\template\base.py", line 966, in render_annotated
    return self.render(context)
           ^^^^^^^^^^^^^^^^^^^^
  File "C:\Users\paxto\Desktop\My Web Sites\gambinos_restaurant_and_lounge\.venv\Lib\site-packages\django\template\loader_tags.py", line 132, in render
    compiled_parent = self.get_parent(context)
                      ^^^^^^^^^^^^^^^^^^^^^^^^
  File "C:\Users\paxto\Desktop\My Web Sites\gambinos_restaurant_and_lounge\.venv\Lib\site-packages\django\template\loader_tags.py", line 129, in get_parent
    return self.find_template(parent, context)
           ^^^^^^^^^^^^^^^^^^^^^^^^^^^^^^^^^^^
  File "C:\Users\paxto\Desktop\My Web Sites\gambinos_restaurant_and_lounge\.venv\Lib\site-packages\django\template\loader_tags.py", line 107, in find_template
    template, origin = context.template.engine.find_template(
                       ^^^^^^^^^^^^^^^^^^^^^^^^^^^^^^^^^^^^^^
  File "C:\Users\paxto\Desktop\My Web Sites\gambinos_restaurant_and_lounge\.venv\Lib\site-packages\django\template\engine.py", line 157, in find_template
    template = loader.get_template(name, skip=skip)
               ^^^^^^^^^^^^^^^^^^^^^^^^^^^^^^^^^^^^
  File "C:\Users\paxto\Desktop\My Web Sites\gambinos_restaurant_and_lounge\.venv\Lib\site-packages\django\template\loaders\cached.py", line 57, in get_template
    template = super().get_template(template_name, skip)
               ^^^^^^^^^^^^^^^^^^^^^^^^^^^^^^^^^^^^^^^^^
  File "C:\Users\paxto\Desktop\My Web Sites\gambinos_restaurant_and_lounge\.venv\Lib\site-packages\django\template\loaders\base.py", line 28, in get_template
    return Template(
           ^^^^^^^^^
  File "C:\Users\paxto\Desktop\My Web Sites\gambinos_restaurant_and_lounge\.venv\Lib\site-packages\django\template\base.py", line 154, in __init__
    self.nodelist = self.compile_nodelist()
                    ^^^^^^^^^^^^^^^^^^^^^^^
  File "C:\Users\paxto\Desktop\My Web Sites\gambinos_restaurant_and_lounge\.venv\Lib\site-packages\django\template\base.py", line 200, in compile_nodelist
    return parser.parse()
           ^^^^^^^^^^^^^^
  File "C:\Users\paxto\Desktop\My Web Sites\gambinos_restaurant_and_lounge\.venv\Lib\site-packages\django\template\base.py", line 513, in parse
    raise self.error(token, e)
  File "C:\Users\paxto\Desktop\My Web Sites\gambinos_restaurant_and_lounge\.venv\Lib\site-packages\django\template\base.py", line 511, in parse
    compiled_result = compile_func(self, token)
                      ^^^^^^^^^^^^^^^^^^^^^^^^^
  File "C:\Users\paxto\Desktop\My Web Sites\gambinos_restaurant_and_lounge\.venv\Lib\site-packages\django\template\defaulttags.py", line 952, in do_if
    condition = TemplateIfParser(parser, bits).parse()
                ^^^^^^^^^^^^^^^^^^^^^^^^^^^^^^
  File "C:\Users\paxto\Desktop\My Web Sites\gambinos_restaurant_and_lounge\.venv\Lib\site-packages\django\template\defaulttags.py", line 885, in __init__
    super().__init__(*args, **kwargs)
  File "C:\Users\paxto\Desktop\My Web Sites\gambinos_restaurant_and_lounge\.venv\Lib\site-packages\django\template\smartif.py", line 170, in __init__
    mapped_tokens.append(self.translate_token(token))
                         ^^^^^^^^^^^^^^^^^^^^^^^^^^^
  File "C:\Users\paxto\Desktop\My Web Sites\gambinos_restaurant_and_lounge\.venv\Lib\site-packages\django\template\smartif.py", line 181, in translate_token
    return self.create_var(token)
           ^^^^^^^^^^^^^^^^^^^^^^
  File "C:\Users\paxto\Desktop\My Web Sites\gambinos_restaurant_and_lounge\.venv\Lib\site-packages\django\template\defaulttags.py", line 888, in create_var
    return TemplateLiteral(self.template_parser.compile_filter(value), value)
                           ^^^^^^^^^^^^^^^^^^^^^^^^^^^^^^^^^^^^^^^^^^
  File "C:\Users\paxto\Desktop\My Web Sites\gambinos_restaurant_and_lounge\.venv\Lib\site-packages\django\template\base.py", line 600, in compile_filter
    return FilterExpression(token, self)
           ^^^^^^^^^^^^^^^^^^^^^^^^^^^^^
  File "C:\Users\paxto\Desktop\My Web Sites\gambinos_restaurant_and_lounge\.venv\Lib\site-packages\django\template\base.py", line 703, in __init__
    raise TemplateSyntaxError(
django.template.exceptions.TemplateSyntaxError: Could not parse the remainder: '['home']' from '['home']'
[2025-11-18 20:24:12,272] ERROR [django.server:212] "GET / HTTP/1.1" 500 248524
[2025-11-18 20:30:42,121] ERROR [django.request:246] Internal Server Error: /
Traceback (most recent call last):
  File "C:\Users\paxto\Desktop\My Web Sites\gambinos_restaurant_and_lounge\.venv\Lib\site-packages\django\template\base.py", line 505, in parse
    compile_func = self.tags[command]
                   ~~~~~~~~~^^^^^^^^^
KeyError: 'endif'

During handling of the above exception, another exception occurred:

Traceback (most recent call last):
  File "C:\Users\paxto\Desktop\My Web Sites\gambinos_restaurant_and_lounge\.venv\Lib\site-packages\django\core\handlers\exception.py", line 55, in inner
    response = get_response(request)
               ^^^^^^^^^^^^^^^^^^^^^
  File "C:\Users\paxto\Desktop\My Web Sites\gambinos_restaurant_and_lounge\.venv\Lib\site-packages\django\core\handlers\base.py", line 197, in _get_response
    response = wrapped_callback(request, *callback_args, **callback_kwargs)
               ^^^^^^^^^^^^^^^^^^^^^^^^^^^^^^^^^^^^^^^^^^^^^^^^^^^^^^^^^^^^
  File "C:\Users\paxto\Desktop\My Web Sites\gambinos_restaurant_and_lounge\reservation_book\views.py", line 35, in home
    return render(request, "reservation_book/index.html")
           ^^^^^^^^^^^^^^^^^^^^^^^^^^^^^^^^^^^^^^^^^^^^^^
  File "C:\Users\paxto\Desktop\My Web Sites\gambinos_restaurant_and_lounge\.venv\Lib\site-packages\django\shortcuts.py", line 24, in render
    content = loader.render_to_string(template_name, context, request, using=using)
              ^^^^^^^^^^^^^^^^^^^^^^^^^^^^^^^^^^^^^^^^^^^^^^^^^^^^^^^^^^^^^^^^^^^^^
  File "C:\Users\paxto\Desktop\My Web Sites\gambinos_restaurant_and_lounge\.venv\Lib\site-packages\django\template\loader.py", line 62, in render_to_string
    return template.render(context, request)
           ^^^^^^^^^^^^^^^^^^^^^^^^^^^^^^^^^
  File "C:\Users\paxto\Desktop\My Web Sites\gambinos_restaurant_and_lounge\.venv\Lib\site-packages\django\template\backends\django.py", line 61, in render
    return self.template.render(context)
           ^^^^^^^^^^^^^^^^^^^^^^^^^^^^^
  File "C:\Users\paxto\Desktop\My Web Sites\gambinos_restaurant_and_lounge\.venv\Lib\site-packages\django\template\base.py", line 175, in render
    return self._render(context)
           ^^^^^^^^^^^^^^^^^^^^^
  File "C:\Users\paxto\Desktop\My Web Sites\gambinos_restaurant_and_lounge\.venv\Lib\site-packages\django\template\base.py", line 167, in _render
    return self.nodelist.render(context)
           ^^^^^^^^^^^^^^^^^^^^^^^^^^^^^
  File "C:\Users\paxto\Desktop\My Web Sites\gambinos_restaurant_and_lounge\.venv\Lib\site-packages\django\template\base.py", line 1005, in render
    return SafeString("".join([node.render_annotated(context) for node in self]))
                               ^^^^^^^^^^^^^^^^^^^^^^^^^^^^^^
  File "C:\Users\paxto\Desktop\My Web Sites\gambinos_restaurant_and_lounge\.venv\Lib\site-packages\django\template\base.py", line 966, in render_annotated
    return self.render(context)
           ^^^^^^^^^^^^^^^^^^^^
  File "C:\Users\paxto\Desktop\My Web Sites\gambinos_restaurant_and_lounge\.venv\Lib\site-packages\django\template\loader_tags.py", line 132, in render
    compiled_parent = self.get_parent(context)
                      ^^^^^^^^^^^^^^^^^^^^^^^^
  File "C:\Users\paxto\Desktop\My Web Sites\gambinos_restaurant_and_lounge\.venv\Lib\site-packages\django\template\loader_tags.py", line 129, in get_parent
    return self.find_template(parent, context)
           ^^^^^^^^^^^^^^^^^^^^^^^^^^^^^^^^^^^
  File "C:\Users\paxto\Desktop\My Web Sites\gambinos_restaurant_and_lounge\.venv\Lib\site-packages\django\template\loader_tags.py", line 107, in find_template
    template, origin = context.template.engine.find_template(
                       ^^^^^^^^^^^^^^^^^^^^^^^^^^^^^^^^^^^^^^
  File "C:\Users\paxto\Desktop\My Web Sites\gambinos_restaurant_and_lounge\.venv\Lib\site-packages\django\template\engine.py", line 157, in find_template
    template = loader.get_template(name, skip=skip)
               ^^^^^^^^^^^^^^^^^^^^^^^^^^^^^^^^^^^^
  File "C:\Users\paxto\Desktop\My Web Sites\gambinos_restaurant_and_lounge\.venv\Lib\site-packages\django\template\loaders\cached.py", line 57, in get_template
    template = super().get_template(template_name, skip)
               ^^^^^^^^^^^^^^^^^^^^^^^^^^^^^^^^^^^^^^^^^
  File "C:\Users\paxto\Desktop\My Web Sites\gambinos_restaurant_and_lounge\.venv\Lib\site-packages\django\template\loaders\base.py", line 28, in get_template
    return Template(
           ^^^^^^^^^
  File "C:\Users\paxto\Desktop\My Web Sites\gambinos_restaurant_and_lounge\.venv\Lib\site-packages\django\template\base.py", line 154, in __init__
    self.nodelist = self.compile_nodelist()
                    ^^^^^^^^^^^^^^^^^^^^^^^
  File "C:\Users\paxto\Desktop\My Web Sites\gambinos_restaurant_and_lounge\.venv\Lib\site-packages\django\template\base.py", line 200, in compile_nodelist
    return parser.parse()
           ^^^^^^^^^^^^^^
  File "C:\Users\paxto\Desktop\My Web Sites\gambinos_restaurant_and_lounge\.venv\Lib\site-packages\django\template\base.py", line 507, in parse
    self.invalid_block_tag(token, command, parse_until)
  File "C:\Users\paxto\Desktop\My Web Sites\gambinos_restaurant_and_lounge\.venv\Lib\site-packages\django\template\base.py", line 568, in invalid_block_tag
    raise self.error(
django.template.exceptions.TemplateSyntaxError: Invalid block tag on line 130: 'endif'. Did you forget to register or load this tag?
[2025-11-18 20:30:42,128] ERROR [django.server:212] "GET / HTTP/1.1" 500 198664
[2025-11-18 20:42:32,923] ERROR [django.request:246] Internal Server Error: /
Traceback (most recent call last):
  File "C:\Users\paxto\Desktop\My Web Sites\gambinos_restaurant_and_lounge\.venv\Lib\site-packages\django\template\base.py", line 505, in parse
    compile_func = self.tags[command]
                   ~~~~~~~~~^^^^^^^^^
KeyError: 'endif'

During handling of the above exception, another exception occurred:

Traceback (most recent call last):
  File "C:\Users\paxto\Desktop\My Web Sites\gambinos_restaurant_and_lounge\.venv\Lib\site-packages\django\core\handlers\exception.py", line 55, in inner
    response = get_response(request)
               ^^^^^^^^^^^^^^^^^^^^^
  File "C:\Users\paxto\Desktop\My Web Sites\gambinos_restaurant_and_lounge\.venv\Lib\site-packages\django\core\handlers\base.py", line 197, in _get_response
    response = wrapped_callback(request, *callback_args, **callback_kwargs)
               ^^^^^^^^^^^^^^^^^^^^^^^^^^^^^^^^^^^^^^^^^^^^^^^^^^^^^^^^^^^^
  File "C:\Users\paxto\Desktop\My Web Sites\gambinos_restaurant_and_lounge\reservation_book\views.py", line 35, in home
    return render(request, "reservation_book/index.html")
           ^^^^^^^^^^^^^^^^^^^^^^^^^^^^^^^^^^^^^^^^^^^^^^
  File "C:\Users\paxto\Desktop\My Web Sites\gambinos_restaurant_and_lounge\.venv\Lib\site-packages\django\shortcuts.py", line 24, in render
    content = loader.render_to_string(template_name, context, request, using=using)
              ^^^^^^^^^^^^^^^^^^^^^^^^^^^^^^^^^^^^^^^^^^^^^^^^^^^^^^^^^^^^^^^^^^^^^
  File "C:\Users\paxto\Desktop\My Web Sites\gambinos_restaurant_and_lounge\.venv\Lib\site-packages\django\template\loader.py", line 62, in render_to_string
    return template.render(context, request)
           ^^^^^^^^^^^^^^^^^^^^^^^^^^^^^^^^^
  File "C:\Users\paxto\Desktop\My Web Sites\gambinos_restaurant_and_lounge\.venv\Lib\site-packages\django\template\backends\django.py", line 61, in render
    return self.template.render(context)
           ^^^^^^^^^^^^^^^^^^^^^^^^^^^^^
  File "C:\Users\paxto\Desktop\My Web Sites\gambinos_restaurant_and_lounge\.venv\Lib\site-packages\django\template\base.py", line 175, in render
    return self._render(context)
           ^^^^^^^^^^^^^^^^^^^^^
  File "C:\Users\paxto\Desktop\My Web Sites\gambinos_restaurant_and_lounge\.venv\Lib\site-packages\django\template\base.py", line 167, in _render
    return self.nodelist.render(context)
           ^^^^^^^^^^^^^^^^^^^^^^^^^^^^^
  File "C:\Users\paxto\Desktop\My Web Sites\gambinos_restaurant_and_lounge\.venv\Lib\site-packages\django\template\base.py", line 1005, in render
    return SafeString("".join([node.render_annotated(context) for node in self]))
                               ^^^^^^^^^^^^^^^^^^^^^^^^^^^^^^
  File "C:\Users\paxto\Desktop\My Web Sites\gambinos_restaurant_and_lounge\.venv\Lib\site-packages\django\template\base.py", line 966, in render_annotated
    return self.render(context)
           ^^^^^^^^^^^^^^^^^^^^
  File "C:\Users\paxto\Desktop\My Web Sites\gambinos_restaurant_and_lounge\.venv\Lib\site-packages\django\template\loader_tags.py", line 132, in render
    compiled_parent = self.get_parent(context)
                      ^^^^^^^^^^^^^^^^^^^^^^^^
  File "C:\Users\paxto\Desktop\My Web Sites\gambinos_restaurant_and_lounge\.venv\Lib\site-packages\django\template\loader_tags.py", line 129, in get_parent
    return self.find_template(parent, context)
           ^^^^^^^^^^^^^^^^^^^^^^^^^^^^^^^^^^^
  File "C:\Users\paxto\Desktop\My Web Sites\gambinos_restaurant_and_lounge\.venv\Lib\site-packages\django\template\loader_tags.py", line 107, in find_template
    template, origin = context.template.engine.find_template(
                       ^^^^^^^^^^^^^^^^^^^^^^^^^^^^^^^^^^^^^^
  File "C:\Users\paxto\Desktop\My Web Sites\gambinos_restaurant_and_lounge\.venv\Lib\site-packages\django\template\engine.py", line 157, in find_template
    template = loader.get_template(name, skip=skip)
               ^^^^^^^^^^^^^^^^^^^^^^^^^^^^^^^^^^^^
  File "C:\Users\paxto\Desktop\My Web Sites\gambinos_restaurant_and_lounge\.venv\Lib\site-packages\django\template\loaders\cached.py", line 57, in get_template
    template = super().get_template(template_name, skip)
               ^^^^^^^^^^^^^^^^^^^^^^^^^^^^^^^^^^^^^^^^^
  File "C:\Users\paxto\Desktop\My Web Sites\gambinos_restaurant_and_lounge\.venv\Lib\site-packages\django\template\loaders\base.py", line 28, in get_template
    return Template(
           ^^^^^^^^^
  File "C:\Users\paxto\Desktop\My Web Sites\gambinos_restaurant_and_lounge\.venv\Lib\site-packages\django\template\base.py", line 154, in __init__
    self.nodelist = self.compile_nodelist()
                    ^^^^^^^^^^^^^^^^^^^^^^^
  File "C:\Users\paxto\Desktop\My Web Sites\gambinos_restaurant_and_lounge\.venv\Lib\site-packages\django\template\base.py", line 200, in compile_nodelist
    return parser.parse()
           ^^^^^^^^^^^^^^
  File "C:\Users\paxto\Desktop\My Web Sites\gambinos_restaurant_and_lounge\.venv\Lib\site-packages\django\template\base.py", line 507, in parse
    self.invalid_block_tag(token, command, parse_until)
  File "C:\Users\paxto\Desktop\My Web Sites\gambinos_restaurant_and_lounge\.venv\Lib\site-packages\django\template\base.py", line 568, in invalid_block_tag
    raise self.error(
django.template.exceptions.TemplateSyntaxError: Invalid block tag on line 128: 'endif'. Did you forget to register or load this tag?
[2025-11-18 20:42:32,934] ERROR [django.server:212] "GET / HTTP/1.1" 500 197564
[2025-11-18 21:04:42,663] ERROR [django.request:246] Internal Server Error: /
Traceback (most recent call last):
  File "C:\Users\paxto\Desktop\My Web Sites\gambinos_restaurant_and_lounge\.venv\Lib\site-packages\django\template\base.py", line 505, in parse
    compile_func = self.tags[command]
                   ~~~~~~~~~^^^^^^^^^
KeyError: 'endif'

During handling of the above exception, another exception occurred:

Traceback (most recent call last):
  File "C:\Users\paxto\Desktop\My Web Sites\gambinos_restaurant_and_lounge\.venv\Lib\site-packages\django\core\handlers\exception.py", line 55, in inner
    response = get_response(request)
               ^^^^^^^^^^^^^^^^^^^^^
  File "C:\Users\paxto\Desktop\My Web Sites\gambinos_restaurant_and_lounge\.venv\Lib\site-packages\django\core\handlers\base.py", line 197, in _get_response
    response = wrapped_callback(request, *callback_args, **callback_kwargs)
               ^^^^^^^^^^^^^^^^^^^^^^^^^^^^^^^^^^^^^^^^^^^^^^^^^^^^^^^^^^^^
  File "C:\Users\paxto\Desktop\My Web Sites\gambinos_restaurant_and_lounge\reservation_book\views.py", line 35, in home
    return render(request, "reservation_book/index.html")
           ^^^^^^^^^^^^^^^^^^^^^^^^^^^^^^^^^^^^^^^^^^^^^^
  File "C:\Users\paxto\Desktop\My Web Sites\gambinos_restaurant_and_lounge\.venv\Lib\site-packages\django\shortcuts.py", line 24, in render
    content = loader.render_to_string(template_name, context, request, using=using)
              ^^^^^^^^^^^^^^^^^^^^^^^^^^^^^^^^^^^^^^^^^^^^^^^^^^^^^^^^^^^^^^^^^^^^^
  File "C:\Users\paxto\Desktop\My Web Sites\gambinos_restaurant_and_lounge\.venv\Lib\site-packages\django\template\loader.py", line 62, in render_to_string
    return template.render(context, request)
           ^^^^^^^^^^^^^^^^^^^^^^^^^^^^^^^^^
  File "C:\Users\paxto\Desktop\My Web Sites\gambinos_restaurant_and_lounge\.venv\Lib\site-packages\django\template\backends\django.py", line 61, in render
    return self.template.render(context)
           ^^^^^^^^^^^^^^^^^^^^^^^^^^^^^
  File "C:\Users\paxto\Desktop\My Web Sites\gambinos_restaurant_and_lounge\.venv\Lib\site-packages\django\template\base.py", line 175, in render
    return self._render(context)
           ^^^^^^^^^^^^^^^^^^^^^
  File "C:\Users\paxto\Desktop\My Web Sites\gambinos_restaurant_and_lounge\.venv\Lib\site-packages\django\template\base.py", line 167, in _render
    return self.nodelist.render(context)
           ^^^^^^^^^^^^^^^^^^^^^^^^^^^^^
  File "C:\Users\paxto\Desktop\My Web Sites\gambinos_restaurant_and_lounge\.venv\Lib\site-packages\django\template\base.py", line 1005, in render
    return SafeString("".join([node.render_annotated(context) for node in self]))
                               ^^^^^^^^^^^^^^^^^^^^^^^^^^^^^^
  File "C:\Users\paxto\Desktop\My Web Sites\gambinos_restaurant_and_lounge\.venv\Lib\site-packages\django\template\base.py", line 966, in render_annotated
    return self.render(context)
           ^^^^^^^^^^^^^^^^^^^^
  File "C:\Users\paxto\Desktop\My Web Sites\gambinos_restaurant_and_lounge\.venv\Lib\site-packages\django\template\loader_tags.py", line 132, in render
    compiled_parent = self.get_parent(context)
                      ^^^^^^^^^^^^^^^^^^^^^^^^
  File "C:\Users\paxto\Desktop\My Web Sites\gambinos_restaurant_and_lounge\.venv\Lib\site-packages\django\template\loader_tags.py", line 129, in get_parent
    return self.find_template(parent, context)
           ^^^^^^^^^^^^^^^^^^^^^^^^^^^^^^^^^^^
  File "C:\Users\paxto\Desktop\My Web Sites\gambinos_restaurant_and_lounge\.venv\Lib\site-packages\django\template\loader_tags.py", line 107, in find_template
    template, origin = context.template.engine.find_template(
                       ^^^^^^^^^^^^^^^^^^^^^^^^^^^^^^^^^^^^^^
  File "C:\Users\paxto\Desktop\My Web Sites\gambinos_restaurant_and_lounge\.venv\Lib\site-packages\django\template\engine.py", line 157, in find_template
    template = loader.get_template(name, skip=skip)
               ^^^^^^^^^^^^^^^^^^^^^^^^^^^^^^^^^^^^
  File "C:\Users\paxto\Desktop\My Web Sites\gambinos_restaurant_and_lounge\.venv\Lib\site-packages\django\template\loaders\cached.py", line 57, in get_template
    template = super().get_template(template_name, skip)
               ^^^^^^^^^^^^^^^^^^^^^^^^^^^^^^^^^^^^^^^^^
  File "C:\Users\paxto\Desktop\My Web Sites\gambinos_restaurant_and_lounge\.venv\Lib\site-packages\django\template\loaders\base.py", line 28, in get_template
    return Template(
           ^^^^^^^^^
  File "C:\Users\paxto\Desktop\My Web Sites\gambinos_restaurant_and_lounge\.venv\Lib\site-packages\django\template\base.py", line 154, in __init__
    self.nodelist = self.compile_nodelist()
                    ^^^^^^^^^^^^^^^^^^^^^^^
  File "C:\Users\paxto\Desktop\My Web Sites\gambinos_restaurant_and_lounge\.venv\Lib\site-packages\django\template\base.py", line 200, in compile_nodelist
    return parser.parse()
           ^^^^^^^^^^^^^^
  File "C:\Users\paxto\Desktop\My Web Sites\gambinos_restaurant_and_lounge\.venv\Lib\site-packages\django\template\base.py", line 507, in parse
    self.invalid_block_tag(token, command, parse_until)
  File "C:\Users\paxto\Desktop\My Web Sites\gambinos_restaurant_and_lounge\.venv\Lib\site-packages\django\template\base.py", line 568, in invalid_block_tag
    raise self.error(
django.template.exceptions.TemplateSyntaxError: Invalid block tag on line 123: 'endif'. Did you forget to register or load this tag?
[2025-11-18 21:04:42,670] ERROR [django.server:212] "GET / HTTP/1.1" 500 197114
[2025-11-18 21:13:19,973] ERROR [django.request:246] Internal Server Error: /
Traceback (most recent call last):
  File "C:\Users\paxto\Desktop\My Web Sites\gambinos_restaurant_and_lounge\.venv\Lib\site-packages\django\template\base.py", line 505, in parse
    compile_func = self.tags[command]
                   ~~~~~~~~~^^^^^^^^^
KeyError: 'endif'

During handling of the above exception, another exception occurred:

Traceback (most recent call last):
  File "C:\Users\paxto\Desktop\My Web Sites\gambinos_restaurant_and_lounge\.venv\Lib\site-packages\django\core\handlers\exception.py", line 55, in inner
    response = get_response(request)
               ^^^^^^^^^^^^^^^^^^^^^
  File "C:\Users\paxto\Desktop\My Web Sites\gambinos_restaurant_and_lounge\.venv\Lib\site-packages\django\core\handlers\base.py", line 197, in _get_response
    response = wrapped_callback(request, *callback_args, **callback_kwargs)
               ^^^^^^^^^^^^^^^^^^^^^^^^^^^^^^^^^^^^^^^^^^^^^^^^^^^^^^^^^^^^
  File "C:\Users\paxto\Desktop\My Web Sites\gambinos_restaurant_and_lounge\reservation_book\views.py", line 35, in home
    return render(request, "reservation_book/index.html")
           ^^^^^^^^^^^^^^^^^^^^^^^^^^^^^^^^^^^^^^^^^^^^^^
  File "C:\Users\paxto\Desktop\My Web Sites\gambinos_restaurant_and_lounge\.venv\Lib\site-packages\django\shortcuts.py", line 24, in render
    content = loader.render_to_string(template_name, context, request, using=using)
              ^^^^^^^^^^^^^^^^^^^^^^^^^^^^^^^^^^^^^^^^^^^^^^^^^^^^^^^^^^^^^^^^^^^^^
  File "C:\Users\paxto\Desktop\My Web Sites\gambinos_restaurant_and_lounge\.venv\Lib\site-packages\django\template\loader.py", line 62, in render_to_string
    return template.render(context, request)
           ^^^^^^^^^^^^^^^^^^^^^^^^^^^^^^^^^
  File "C:\Users\paxto\Desktop\My Web Sites\gambinos_restaurant_and_lounge\.venv\Lib\site-packages\django\template\backends\django.py", line 61, in render
    return self.template.render(context)
           ^^^^^^^^^^^^^^^^^^^^^^^^^^^^^
  File "C:\Users\paxto\Desktop\My Web Sites\gambinos_restaurant_and_lounge\.venv\Lib\site-packages\django\template\base.py", line 175, in render
    return self._render(context)
           ^^^^^^^^^^^^^^^^^^^^^
  File "C:\Users\paxto\Desktop\My Web Sites\gambinos_restaurant_and_lounge\.venv\Lib\site-packages\django\template\base.py", line 167, in _render
    return self.nodelist.render(context)
           ^^^^^^^^^^^^^^^^^^^^^^^^^^^^^
  File "C:\Users\paxto\Desktop\My Web Sites\gambinos_restaurant_and_lounge\.venv\Lib\site-packages\django\template\base.py", line 1005, in render
    return SafeString("".join([node.render_annotated(context) for node in self]))
                               ^^^^^^^^^^^^^^^^^^^^^^^^^^^^^^
  File "C:\Users\paxto\Desktop\My Web Sites\gambinos_restaurant_and_lounge\.venv\Lib\site-packages\django\template\base.py", line 966, in render_annotated
    return self.render(context)
           ^^^^^^^^^^^^^^^^^^^^
  File "C:\Users\paxto\Desktop\My Web Sites\gambinos_restaurant_and_lounge\.venv\Lib\site-packages\django\template\loader_tags.py", line 132, in render
    compiled_parent = self.get_parent(context)
                      ^^^^^^^^^^^^^^^^^^^^^^^^
  File "C:\Users\paxto\Desktop\My Web Sites\gambinos_restaurant_and_lounge\.venv\Lib\site-packages\django\template\loader_tags.py", line 129, in get_parent
    return self.find_template(parent, context)
           ^^^^^^^^^^^^^^^^^^^^^^^^^^^^^^^^^^^
  File "C:\Users\paxto\Desktop\My Web Sites\gambinos_restaurant_and_lounge\.venv\Lib\site-packages\django\template\loader_tags.py", line 107, in find_template
    template, origin = context.template.engine.find_template(
                       ^^^^^^^^^^^^^^^^^^^^^^^^^^^^^^^^^^^^^^
  File "C:\Users\paxto\Desktop\My Web Sites\gambinos_restaurant_and_lounge\.venv\Lib\site-packages\django\template\engine.py", line 157, in find_template
    template = loader.get_template(name, skip=skip)
               ^^^^^^^^^^^^^^^^^^^^^^^^^^^^^^^^^^^^
  File "C:\Users\paxto\Desktop\My Web Sites\gambinos_restaurant_and_lounge\.venv\Lib\site-packages\django\template\loaders\cached.py", line 57, in get_template
    template = super().get_template(template_name, skip)
               ^^^^^^^^^^^^^^^^^^^^^^^^^^^^^^^^^^^^^^^^^
  File "C:\Users\paxto\Desktop\My Web Sites\gambinos_restaurant_and_lounge\.venv\Lib\site-packages\django\template\loaders\base.py", line 28, in get_template
    return Template(
           ^^^^^^^^^
  File "C:\Users\paxto\Desktop\My Web Sites\gambinos_restaurant_and_lounge\.venv\Lib\site-packages\django\template\base.py", line 154, in __init__
    self.nodelist = self.compile_nodelist()
                    ^^^^^^^^^^^^^^^^^^^^^^^
  File "C:\Users\paxto\Desktop\My Web Sites\gambinos_restaurant_and_lounge\.venv\Lib\site-packages\django\template\base.py", line 200, in compile_nodelist
    return parser.parse()
           ^^^^^^^^^^^^^^
  File "C:\Users\paxto\Desktop\My Web Sites\gambinos_restaurant_and_lounge\.venv\Lib\site-packages\django\template\base.py", line 507, in parse
    self.invalid_block_tag(token, command, parse_until)
  File "C:\Users\paxto\Desktop\My Web Sites\gambinos_restaurant_and_lounge\.venv\Lib\site-packages\django\template\base.py", line 568, in invalid_block_tag
    raise self.error(
django.template.exceptions.TemplateSyntaxError: Invalid block tag on line 122: 'endif'. Did you forget to register or load this tag?
[2025-11-18 21:13:19,983] ERROR [django.server:212] "GET / HTTP/1.1" 500 193946
[2025-11-19 20:27:35,357] ERROR [django.request:246] Internal Server Error: /staff/phone-reservation/
Traceback (most recent call last):
  File "C:\Users\paxto\Desktop\My Web Sites\gambinos_restaurant_and_lounge\.venv\Lib\site-packages\django\core\handlers\exception.py", line 55, in inner
    response = get_response(request)
               ^^^^^^^^^^^^^^^^^^^^^
  File "C:\Users\paxto\Desktop\My Web Sites\gambinos_restaurant_and_lounge\.venv\Lib\site-packages\django\core\handlers\base.py", line 197, in _get_response
    response = wrapped_callback(request, *callback_args, **callback_kwargs)
               ^^^^^^^^^^^^^^^^^^^^^^^^^^^^^^^^^^^^^^^^^^^^^^^^^^^^^^^^^^^^
  File "C:\Users\paxto\Desktop\My Web Sites\gambinos_restaurant_and_lounge\.venv\Lib\site-packages\django\contrib\auth\decorators.py", line 23, in _wrapper_view
    return view_func(request, *args, **kwargs)
           ^^^^^^^^^^^^^^^^^^^^^^^^^^^^^^^^^^^
  File "C:\Users\paxto\Desktop\My Web Sites\gambinos_restaurant_and_lounge\reservation_book\views.py", line 434, in create_phone_reservation
    reservation = TableReservation.objects.create(
                  ^^^^^^^^^^^^^^^^^^^^^^^^^^^^^^^^
  File "C:\Users\paxto\Desktop\My Web Sites\gambinos_restaurant_and_lounge\.venv\Lib\site-packages\django\db\models\manager.py", line 87, in manager_method
    return getattr(self.get_queryset(), name)(*args, **kwargs)
           ^^^^^^^^^^^^^^^^^^^^^^^^^^^^^^^^^^^^^^^^^^^^^^^^^^^
  File "C:\Users\paxto\Desktop\My Web Sites\gambinos_restaurant_and_lounge\.venv\Lib\site-packages\django\db\models\query.py", line 656, in create
    obj = self.model(**kwargs)
          ^^^^^^^^^^^^^^^^^^^^
  File "C:\Users\paxto\Desktop\My Web Sites\gambinos_restaurant_and_lounge\.venv\Lib\site-packages\django\db\models\base.py", line 567, in __init__
    raise TypeError(
TypeError: TableReservation() got unexpected keyword arguments: 'reservation_date', 'is_phone_reservation'
[2025-11-19 20:27:35,368] ERROR [django.server:212] "POST /staff/phone-reservation/ HTTP/1.1" 500 105826
[2025-11-19 20:46:45,239] ERROR [django.request:246] Internal Server Error: /staff/phone-reservation/
Traceback (most recent call last):
  File "C:\Users\paxto\Desktop\My Web Sites\gambinos_restaurant_and_lounge\.venv\Lib\site-packages\django\db\backends\utils.py", line 89, in _execute
    return self.cursor.execute(sql, params)
           ^^^^^^^^^^^^^^^^^^^^^^^^^^^^^^^^
psycopg2.errors.NotNullViolation: null value in column "timeslot_availability_id" of relation "reservation_book_tablereservation" violates not-null constraint
DETAIL:  Failing row contains (27, 18_19, 1, t, Cartman, Hartmann, paxton.hartmann@gmail.com, , , null, 6, t, 2025-11-26).


The above exception was the direct cause of the following exception:

Traceback (most recent call last):
  File "C:\Users\paxto\Desktop\My Web Sites\gambinos_restaurant_and_lounge\.venv\Lib\site-packages\django\core\handlers\exception.py", line 55, in inner
    response = get_response(request)
               ^^^^^^^^^^^^^^^^^^^^^
  File "C:\Users\paxto\Desktop\My Web Sites\gambinos_restaurant_and_lounge\.venv\Lib\site-packages\django\core\handlers\base.py", line 197, in _get_response
    response = wrapped_callback(request, *callback_args, **callback_kwargs)
               ^^^^^^^^^^^^^^^^^^^^^^^^^^^^^^^^^^^^^^^^^^^^^^^^^^^^^^^^^^^^
  File "C:\Users\paxto\Desktop\My Web Sites\gambinos_restaurant_and_lounge\.venv\Lib\site-packages\django\contrib\auth\decorators.py", line 23, in _wrapper_view
    return view_func(request, *args, **kwargs)
           ^^^^^^^^^^^^^^^^^^^^^^^^^^^^^^^^^^^
  File "C:\Users\paxto\Desktop\My Web Sites\gambinos_restaurant_and_lounge\reservation_book\views.py", line 434, in create_phone_reservation
    reservation = TableReservation.objects.create(
                  ^^^^^^^^^^^^^^^^^^^^^^^^^^^^^^^^
  File "C:\Users\paxto\Desktop\My Web Sites\gambinos_restaurant_and_lounge\.venv\Lib\site-packages\django\db\models\manager.py", line 87, in manager_method
    return getattr(self.get_queryset(), name)(*args, **kwargs)
           ^^^^^^^^^^^^^^^^^^^^^^^^^^^^^^^^^^^^^^^^^^^^^^^^^^^
  File "C:\Users\paxto\Desktop\My Web Sites\gambinos_restaurant_and_lounge\.venv\Lib\site-packages\django\db\models\query.py", line 658, in create
    obj.save(force_insert=True, using=self.db)
  File "C:\Users\paxto\Desktop\My Web Sites\gambinos_restaurant_and_lounge\.venv\Lib\site-packages\django\db\models\base.py", line 814, in save
    self.save_base(
  File "C:\Users\paxto\Desktop\My Web Sites\gambinos_restaurant_and_lounge\.venv\Lib\site-packages\django\db\models\base.py", line 877, in save_base
    updated = self._save_table(
              ^^^^^^^^^^^^^^^^^
  File "C:\Users\paxto\Desktop\My Web Sites\gambinos_restaurant_and_lounge\.venv\Lib\site-packages\django\db\models\base.py", line 1020, in _save_table
    results = self._do_insert(
              ^^^^^^^^^^^^^^^^
  File "C:\Users\paxto\Desktop\My Web Sites\gambinos_restaurant_and_lounge\.venv\Lib\site-packages\django\db\models\base.py", line 1061, in _do_insert
    return manager._insert(
           ^^^^^^^^^^^^^^^^
  File "C:\Users\paxto\Desktop\My Web Sites\gambinos_restaurant_and_lounge\.venv\Lib\site-packages\django\db\models\manager.py", line 87, in manager_method
    return getattr(self.get_queryset(), name)(*args, **kwargs)
           ^^^^^^^^^^^^^^^^^^^^^^^^^^^^^^^^^^^^^^^^^^^^^^^^^^^
  File "C:\Users\paxto\Desktop\My Web Sites\gambinos_restaurant_and_lounge\.venv\Lib\site-packages\django\db\models\query.py", line 1805, in _insert
    return query.get_compiler(using=using).execute_sql(returning_fields)
           ^^^^^^^^^^^^^^^^^^^^^^^^^^^^^^^^^^^^^^^^^^^^^^^^^^^^^^^^^^^^^
  File "C:\Users\paxto\Desktop\My Web Sites\gambinos_restaurant_and_lounge\.venv\Lib\site-packages\django\db\models\sql\compiler.py", line 1822, in execute_sql
    cursor.execute(sql, params)
  File "C:\Users\paxto\Desktop\My Web Sites\gambinos_restaurant_and_lounge\.venv\Lib\site-packages\django\db\backends\utils.py", line 102, in execute
    return super().execute(sql, params)
           ^^^^^^^^^^^^^^^^^^^^^^^^^^^^
  File "C:\Users\paxto\Desktop\My Web Sites\gambinos_restaurant_and_lounge\.venv\Lib\site-packages\django\db\backends\utils.py", line 67, in execute
    return self._execute_with_wrappers(
           ^^^^^^^^^^^^^^^^^^^^^^^^^^^^
  File "C:\Users\paxto\Desktop\My Web Sites\gambinos_restaurant_and_lounge\.venv\Lib\site-packages\django\db\backends\utils.py", line 80, in _execute_with_wrappers
    return executor(sql, params, many, context)
           ^^^^^^^^^^^^^^^^^^^^^^^^^^^^^^^^^^^^
  File "C:\Users\paxto\Desktop\My Web Sites\gambinos_restaurant_and_lounge\.venv\Lib\site-packages\django\db\backends\utils.py", line 84, in _execute
    with self.db.wrap_database_errors:
         ^^^^^^^^^^^^^^^^^^^^^^^^^^^^
  File "C:\Users\paxto\Desktop\My Web Sites\gambinos_restaurant_and_lounge\.venv\Lib\site-packages\django\db\utils.py", line 91, in __exit__
    raise dj_exc_value.with_traceback(traceback) from exc_value
  File "C:\Users\paxto\Desktop\My Web Sites\gambinos_restaurant_and_lounge\.venv\Lib\site-packages\django\db\backends\utils.py", line 89, in _execute
    return self.cursor.execute(sql, params)
           ^^^^^^^^^^^^^^^^^^^^^^^^^^^^^^^^
django.db.utils.IntegrityError: null value in column "timeslot_availability_id" of relation "reservation_book_tablereservation" violates not-null constraint
DETAIL:  Failing row contains (27, 18_19, 1, t, Cartman, Hartmann, paxton.hartmann@gmail.com, , , null, 6, t, 2025-11-26).

[2025-11-19 20:46:45,249] ERROR [django.server:212] "POST /staff/phone-reservation/ HTTP/1.1" 500 178467
[2025-11-19 21:05:52,929] ERROR [django.request:246] Internal Server Error: /staff/phone-reservation/
Traceback (most recent call last):
  File "C:\Users\paxto\Desktop\My Web Sites\gambinos_restaurant_and_lounge\.venv\Lib\site-packages\django\core\handlers\exception.py", line 55, in inner
    response = get_response(request)
               ^^^^^^^^^^^^^^^^^^^^^
  File "C:\Users\paxto\Desktop\My Web Sites\gambinos_restaurant_and_lounge\.venv\Lib\site-packages\django\core\handlers\base.py", line 197, in _get_response
    response = wrapped_callback(request, *callback_args, **callback_kwargs)
               ^^^^^^^^^^^^^^^^^^^^^^^^^^^^^^^^^^^^^^^^^^^^^^^^^^^^^^^^^^^^
  File "C:\Users\paxto\Desktop\My Web Sites\gambinos_restaurant_and_lounge\.venv\Lib\site-packages\django\contrib\auth\decorators.py", line 23, in _wrapper_view
    return view_func(request, *args, **kwargs)
           ^^^^^^^^^^^^^^^^^^^^^^^^^^^^^^^^^^^
  File "C:\Users\paxto\Desktop\My Web Sites\gambinos_restaurant_and_lounge\reservation_book\views.py", line 465, in create_phone_reservation
    message = render_to_string(
              ^^^^^^^^^^^^^^^^^
  File "C:\Users\paxto\Desktop\My Web Sites\gambinos_restaurant_and_lounge\.venv\Lib\site-packages\django\template\loader.py", line 61, in render_to_string
    template = get_template(template_name, using=using)
               ^^^^^^^^^^^^^^^^^^^^^^^^^^^^^^^^^^^^^^^^
  File "C:\Users\paxto\Desktop\My Web Sites\gambinos_restaurant_and_lounge\.venv\Lib\site-packages\django\template\loader.py", line 19, in get_template
    raise TemplateDoesNotExist(template_name, chain=chain)
django.template.exceptions.TemplateDoesNotExist: reservation_book/emails/phone_reservation_confirmation.txt
[2025-11-19 21:05:52,932] ERROR [django.server:212] "POST /staff/phone-reservation/ HTTP/1.1" 500 103933
[2025-11-19 21:33:46,305] ERROR [django.request:246] Internal Server Error: /staff/phone-reservation/
Traceback (most recent call last):
  File "C:\Users\paxto\Desktop\My Web Sites\gambinos_restaurant_and_lounge\.venv\Lib\site-packages\django\core\handlers\exception.py", line 55, in inner
    response = get_response(request)
               ^^^^^^^^^^^^^^^^^^^^^
  File "C:\Users\paxto\Desktop\My Web Sites\gambinos_restaurant_and_lounge\.venv\Lib\site-packages\django\core\handlers\base.py", line 197, in _get_response
    response = wrapped_callback(request, *callback_args, **callback_kwargs)
               ^^^^^^^^^^^^^^^^^^^^^^^^^^^^^^^^^^^^^^^^^^^^^^^^^^^^^^^^^^^^
  File "C:\Users\paxto\Desktop\My Web Sites\gambinos_restaurant_and_lounge\.venv\Lib\site-packages\django\contrib\auth\decorators.py", line 23, in _wrapper_view
    return view_func(request, *args, **kwargs)
           ^^^^^^^^^^^^^^^^^^^^^^^^^^^^^^^^^^^
  File "C:\Users\paxto\Desktop\My Web Sites\gambinos_restaurant_and_lounge\reservation_book\views.py", line 474, in create_phone_reservation
    message = render_to_string(
              ^^^^^^^^^^^^^^^^^
  File "C:\Users\paxto\Desktop\My Web Sites\gambinos_restaurant_and_lounge\.venv\Lib\site-packages\django\template\loader.py", line 61, in render_to_string
    template = get_template(template_name, using=using)
               ^^^^^^^^^^^^^^^^^^^^^^^^^^^^^^^^^^^^^^^^
  File "C:\Users\paxto\Desktop\My Web Sites\gambinos_restaurant_and_lounge\.venv\Lib\site-packages\django\template\loader.py", line 19, in get_template
    raise TemplateDoesNotExist(template_name, chain=chain)
django.template.exceptions.TemplateDoesNotExist: reservation_book/emails/phone_reservation_confirmation.txt
[2025-11-19 21:33:46,308] ERROR [django.server:212] "POST /staff/phone-reservation/ HTTP/1.1" 500 103933
[2025-11-19 21:41:03,352] ERROR [django.request:246] Internal Server Error: /my_reservations/
Traceback (most recent call last):
  File "C:\Users\paxto\Desktop\My Web Sites\gambinos_restaurant_and_lounge\.venv\Lib\site-packages\django\core\handlers\exception.py", line 55, in inner
    response = get_response(request)
               ^^^^^^^^^^^^^^^^^^^^^
  File "C:\Users\paxto\Desktop\My Web Sites\gambinos_restaurant_and_lounge\.venv\Lib\site-packages\django\core\handlers\base.py", line 197, in _get_response
    response = wrapped_callback(request, *callback_args, **callback_kwargs)
               ^^^^^^^^^^^^^^^^^^^^^^^^^^^^^^^^^^^^^^^^^^^^^^^^^^^^^^^^^^^^
  File "C:\Users\paxto\Desktop\My Web Sites\gambinos_restaurant_and_lounge\.venv\Lib\site-packages\django\contrib\auth\decorators.py", line 23, in _wrapper_view
    return view_func(request, *args, **kwargs)
           ^^^^^^^^^^^^^^^^^^^^^^^^^^^^^^^^^^^
  File "C:\Users\paxto\Desktop\My Web Sites\gambinos_restaurant_and_lounge\reservation_book\views.py", line 292, in my_reservations
    return render(request, "reservation_book/my_reservations.html", {
           ^^^^^^^^^^^^^^^^^^^^^^^^^^^^^^^^^^^^^^^^^^^^^^^^^^^^^^^^^^
  File "C:\Users\paxto\Desktop\My Web Sites\gambinos_restaurant_and_lounge\.venv\Lib\site-packages\django\shortcuts.py", line 24, in render
    content = loader.render_to_string(template_name, context, request, using=using)
              ^^^^^^^^^^^^^^^^^^^^^^^^^^^^^^^^^^^^^^^^^^^^^^^^^^^^^^^^^^^^^^^^^^^^^
  File "C:\Users\paxto\Desktop\My Web Sites\gambinos_restaurant_and_lounge\.venv\Lib\site-packages\django\template\loader.py", line 62, in render_to_string
    return template.render(context, request)
           ^^^^^^^^^^^^^^^^^^^^^^^^^^^^^^^^^
  File "C:\Users\paxto\Desktop\My Web Sites\gambinos_restaurant_and_lounge\.venv\Lib\site-packages\django\template\backends\django.py", line 61, in render
    return self.template.render(context)
           ^^^^^^^^^^^^^^^^^^^^^^^^^^^^^
  File "C:\Users\paxto\Desktop\My Web Sites\gambinos_restaurant_and_lounge\.venv\Lib\site-packages\django\template\base.py", line 175, in render
    return self._render(context)
           ^^^^^^^^^^^^^^^^^^^^^
  File "C:\Users\paxto\Desktop\My Web Sites\gambinos_restaurant_and_lounge\.venv\Lib\site-packages\django\template\base.py", line 167, in _render
    return self.nodelist.render(context)
           ^^^^^^^^^^^^^^^^^^^^^^^^^^^^^
  File "C:\Users\paxto\Desktop\My Web Sites\gambinos_restaurant_and_lounge\.venv\Lib\site-packages\django\template\base.py", line 1005, in render
    return SafeString("".join([node.render_annotated(context) for node in self]))
                               ^^^^^^^^^^^^^^^^^^^^^^^^^^^^^^
  File "C:\Users\paxto\Desktop\My Web Sites\gambinos_restaurant_and_lounge\.venv\Lib\site-packages\django\template\base.py", line 966, in render_annotated
    return self.render(context)
           ^^^^^^^^^^^^^^^^^^^^
  File "C:\Users\paxto\Desktop\My Web Sites\gambinos_restaurant_and_lounge\.venv\Lib\site-packages\django\template\loader_tags.py", line 157, in render
    return compiled_parent._render(context)
           ^^^^^^^^^^^^^^^^^^^^^^^^^^^^^^^^
  File "C:\Users\paxto\Desktop\My Web Sites\gambinos_restaurant_and_lounge\.venv\Lib\site-packages\django\template\base.py", line 167, in _render
    return self.nodelist.render(context)
           ^^^^^^^^^^^^^^^^^^^^^^^^^^^^^
  File "C:\Users\paxto\Desktop\My Web Sites\gambinos_restaurant_and_lounge\.venv\Lib\site-packages\django\template\base.py", line 1005, in render
    return SafeString("".join([node.render_annotated(context) for node in self]))
                               ^^^^^^^^^^^^^^^^^^^^^^^^^^^^^^
  File "C:\Users\paxto\Desktop\My Web Sites\gambinos_restaurant_and_lounge\.venv\Lib\site-packages\django\template\base.py", line 966, in render_annotated
    return self.render(context)
           ^^^^^^^^^^^^^^^^^^^^
  File "C:\Users\paxto\Desktop\My Web Sites\gambinos_restaurant_and_lounge\.venv\Lib\site-packages\django\template\loader_tags.py", line 63, in render
    result = block.nodelist.render(context)
             ^^^^^^^^^^^^^^^^^^^^^^^^^^^^^^
  File "C:\Users\paxto\Desktop\My Web Sites\gambinos_restaurant_and_lounge\.venv\Lib\site-packages\django\template\base.py", line 1005, in render
    return SafeString("".join([node.render_annotated(context) for node in self]))
                               ^^^^^^^^^^^^^^^^^^^^^^^^^^^^^^
  File "C:\Users\paxto\Desktop\My Web Sites\gambinos_restaurant_and_lounge\.venv\Lib\site-packages\django\template\base.py", line 966, in render_annotated
    return self.render(context)
           ^^^^^^^^^^^^^^^^^^^^
  File "C:\Users\paxto\Desktop\My Web Sites\gambinos_restaurant_and_lounge\.venv\Lib\site-packages\django\template\defaulttags.py", line 321, in render
    return nodelist.render(context)
           ^^^^^^^^^^^^^^^^^^^^^^^^
  File "C:\Users\paxto\Desktop\My Web Sites\gambinos_restaurant_and_lounge\.venv\Lib\site-packages\django\template\base.py", line 1005, in render
    return SafeString("".join([node.render_annotated(context) for node in self]))
                               ^^^^^^^^^^^^^^^^^^^^^^^^^^^^^^
  File "C:\Users\paxto\Desktop\My Web Sites\gambinos_restaurant_and_lounge\.venv\Lib\site-packages\django\template\base.py", line 966, in render_annotated
    return self.render(context)
           ^^^^^^^^^^^^^^^^^^^^
  File "C:\Users\paxto\Desktop\My Web Sites\gambinos_restaurant_and_lounge\.venv\Lib\site-packages\django\template\defaulttags.py", line 238, in render
    nodelist.append(node.render_annotated(context))
                    ^^^^^^^^^^^^^^^^^^^^^^^^^^^^^^
  File "C:\Users\paxto\Desktop\My Web Sites\gambinos_restaurant_and_lounge\.venv\Lib\site-packages\django\template\base.py", line 966, in render_annotated
    return self.render(context)
           ^^^^^^^^^^^^^^^^^^^^
  File "C:\Users\paxto\Desktop\My Web Sites\gambinos_restaurant_and_lounge\.venv\Lib\site-packages\django\template\defaulttags.py", line 321, in render
    return nodelist.render(context)
           ^^^^^^^^^^^^^^^^^^^^^^^^
  File "C:\Users\paxto\Desktop\My Web Sites\gambinos_restaurant_and_lounge\.venv\Lib\site-packages\django\template\base.py", line 1005, in render
    return SafeString("".join([node.render_annotated(context) for node in self]))
                               ^^^^^^^^^^^^^^^^^^^^^^^^^^^^^^
  File "C:\Users\paxto\Desktop\My Web Sites\gambinos_restaurant_and_lounge\.venv\Lib\site-packages\django\template\base.py", line 966, in render_annotated
    return self.render(context)
           ^^^^^^^^^^^^^^^^^^^^
  File "C:\Users\paxto\Desktop\My Web Sites\gambinos_restaurant_and_lounge\.venv\Lib\site-packages\django\template\defaulttags.py", line 471, in render
    url = reverse(view_name, args=args, kwargs=kwargs, current_app=current_app)
          ^^^^^^^^^^^^^^^^^^^^^^^^^^^^^^^^^^^^^^^^^^^^^^^^^^^^^^^^^^^^^^^^^^^^^
  File "C:\Users\paxto\Desktop\My Web Sites\gambinos_restaurant_and_lounge\.venv\Lib\site-packages\django\urls\base.py", line 88, in reverse
    return resolver._reverse_with_prefix(view, prefix, *args, **kwargs)
           ^^^^^^^^^^^^^^^^^^^^^^^^^^^^^^^^^^^^^^^^^^^^^^^^^^^^^^^^^^^^
  File "C:\Users\paxto\Desktop\My Web Sites\gambinos_restaurant_and_lounge\.venv\Lib\site-packages\django\urls\resolvers.py", line 828, in _reverse_with_prefix
    raise NoReverseMatch(msg)
django.urls.exceptions.NoReverseMatch: Reverse for 'edit_reservation' not found. 'edit_reservation' is not a valid view function or pattern name.
[2025-11-19 21:41:03,363] ERROR [django.server:212] "GET /my_reservations/ HTTP/1.1" 500 211810
[2025-11-23 16:39:58,766] ERROR [django.request:246] Internal Server Error: /my_reservations/
Traceback (most recent call last):
  File "C:\Users\paxto\Desktop\My Web Sites\gambinos_restaurant_and_lounge\.venv\Lib\site-packages\django\core\handlers\exception.py", line 55, in inner
    response = get_response(request)
               ^^^^^^^^^^^^^^^^^^^^^
  File "C:\Users\paxto\Desktop\My Web Sites\gambinos_restaurant_and_lounge\.venv\Lib\site-packages\django\core\handlers\base.py", line 197, in _get_response
    response = wrapped_callback(request, *callback_args, **callback_kwargs)
               ^^^^^^^^^^^^^^^^^^^^^^^^^^^^^^^^^^^^^^^^^^^^^^^^^^^^^^^^^^^^
  File "C:\Users\paxto\Desktop\My Web Sites\gambinos_restaurant_and_lounge\.venv\Lib\site-packages\django\contrib\auth\decorators.py", line 23, in _wrapper_view
    return view_func(request, *args, **kwargs)
           ^^^^^^^^^^^^^^^^^^^^^^^^^^^^^^^^^^^
  File "C:\Users\paxto\Desktop\My Web Sites\gambinos_restaurant_and_lounge\reservation_book\views.py", line 292, in my_reservations
    return render(request, "reservation_book/my_reservations.html", {
           ^^^^^^^^^^^^^^^^^^^^^^^^^^^^^^^^^^^^^^^^^^^^^^^^^^^^^^^^^^
  File "C:\Users\paxto\Desktop\My Web Sites\gambinos_restaurant_and_lounge\.venv\Lib\site-packages\django\shortcuts.py", line 24, in render
    content = loader.render_to_string(template_name, context, request, using=using)
              ^^^^^^^^^^^^^^^^^^^^^^^^^^^^^^^^^^^^^^^^^^^^^^^^^^^^^^^^^^^^^^^^^^^^^
  File "C:\Users\paxto\Desktop\My Web Sites\gambinos_restaurant_and_lounge\.venv\Lib\site-packages\django\template\loader.py", line 62, in render_to_string
    return template.render(context, request)
           ^^^^^^^^^^^^^^^^^^^^^^^^^^^^^^^^^
  File "C:\Users\paxto\Desktop\My Web Sites\gambinos_restaurant_and_lounge\.venv\Lib\site-packages\django\template\backends\django.py", line 61, in render
    return self.template.render(context)
           ^^^^^^^^^^^^^^^^^^^^^^^^^^^^^
  File "C:\Users\paxto\Desktop\My Web Sites\gambinos_restaurant_and_lounge\.venv\Lib\site-packages\django\template\base.py", line 175, in render
    return self._render(context)
           ^^^^^^^^^^^^^^^^^^^^^
  File "C:\Users\paxto\Desktop\My Web Sites\gambinos_restaurant_and_lounge\.venv\Lib\site-packages\django\template\base.py", line 167, in _render
    return self.nodelist.render(context)
           ^^^^^^^^^^^^^^^^^^^^^^^^^^^^^
  File "C:\Users\paxto\Desktop\My Web Sites\gambinos_restaurant_and_lounge\.venv\Lib\site-packages\django\template\base.py", line 1005, in render
    return SafeString("".join([node.render_annotated(context) for node in self]))
                               ^^^^^^^^^^^^^^^^^^^^^^^^^^^^^^
  File "C:\Users\paxto\Desktop\My Web Sites\gambinos_restaurant_and_lounge\.venv\Lib\site-packages\django\template\base.py", line 966, in render_annotated
    return self.render(context)
           ^^^^^^^^^^^^^^^^^^^^
  File "C:\Users\paxto\Desktop\My Web Sites\gambinos_restaurant_and_lounge\.venv\Lib\site-packages\django\template\loader_tags.py", line 157, in render
    return compiled_parent._render(context)
           ^^^^^^^^^^^^^^^^^^^^^^^^^^^^^^^^
  File "C:\Users\paxto\Desktop\My Web Sites\gambinos_restaurant_and_lounge\.venv\Lib\site-packages\django\template\base.py", line 167, in _render
    return self.nodelist.render(context)
           ^^^^^^^^^^^^^^^^^^^^^^^^^^^^^
  File "C:\Users\paxto\Desktop\My Web Sites\gambinos_restaurant_and_lounge\.venv\Lib\site-packages\django\template\base.py", line 1005, in render
    return SafeString("".join([node.render_annotated(context) for node in self]))
                               ^^^^^^^^^^^^^^^^^^^^^^^^^^^^^^
  File "C:\Users\paxto\Desktop\My Web Sites\gambinos_restaurant_and_lounge\.venv\Lib\site-packages\django\template\base.py", line 966, in render_annotated
    return self.render(context)
           ^^^^^^^^^^^^^^^^^^^^
  File "C:\Users\paxto\Desktop\My Web Sites\gambinos_restaurant_and_lounge\.venv\Lib\site-packages\django\template\loader_tags.py", line 63, in render
    result = block.nodelist.render(context)
             ^^^^^^^^^^^^^^^^^^^^^^^^^^^^^^
  File "C:\Users\paxto\Desktop\My Web Sites\gambinos_restaurant_and_lounge\.venv\Lib\site-packages\django\template\base.py", line 1005, in render
    return SafeString("".join([node.render_annotated(context) for node in self]))
                               ^^^^^^^^^^^^^^^^^^^^^^^^^^^^^^
  File "C:\Users\paxto\Desktop\My Web Sites\gambinos_restaurant_and_lounge\.venv\Lib\site-packages\django\template\base.py", line 966, in render_annotated
    return self.render(context)
           ^^^^^^^^^^^^^^^^^^^^
  File "C:\Users\paxto\Desktop\My Web Sites\gambinos_restaurant_and_lounge\.venv\Lib\site-packages\django\template\defaulttags.py", line 321, in render
    return nodelist.render(context)
           ^^^^^^^^^^^^^^^^^^^^^^^^
  File "C:\Users\paxto\Desktop\My Web Sites\gambinos_restaurant_and_lounge\.venv\Lib\site-packages\django\template\base.py", line 1005, in render
    return SafeString("".join([node.render_annotated(context) for node in self]))
                               ^^^^^^^^^^^^^^^^^^^^^^^^^^^^^^
  File "C:\Users\paxto\Desktop\My Web Sites\gambinos_restaurant_and_lounge\.venv\Lib\site-packages\django\template\base.py", line 966, in render_annotated
    return self.render(context)
           ^^^^^^^^^^^^^^^^^^^^
  File "C:\Users\paxto\Desktop\My Web Sites\gambinos_restaurant_and_lounge\.venv\Lib\site-packages\django\template\defaulttags.py", line 238, in render
    nodelist.append(node.render_annotated(context))
                    ^^^^^^^^^^^^^^^^^^^^^^^^^^^^^^
  File "C:\Users\paxto\Desktop\My Web Sites\gambinos_restaurant_and_lounge\.venv\Lib\site-packages\django\template\base.py", line 966, in render_annotated
    return self.render(context)
           ^^^^^^^^^^^^^^^^^^^^
  File "C:\Users\paxto\Desktop\My Web Sites\gambinos_restaurant_and_lounge\.venv\Lib\site-packages\django\template\defaulttags.py", line 321, in render
    return nodelist.render(context)
           ^^^^^^^^^^^^^^^^^^^^^^^^
  File "C:\Users\paxto\Desktop\My Web Sites\gambinos_restaurant_and_lounge\.venv\Lib\site-packages\django\template\base.py", line 1005, in render
    return SafeString("".join([node.render_annotated(context) for node in self]))
                               ^^^^^^^^^^^^^^^^^^^^^^^^^^^^^^
  File "C:\Users\paxto\Desktop\My Web Sites\gambinos_restaurant_and_lounge\.venv\Lib\site-packages\django\template\base.py", line 966, in render_annotated
    return self.render(context)
           ^^^^^^^^^^^^^^^^^^^^
  File "C:\Users\paxto\Desktop\My Web Sites\gambinos_restaurant_and_lounge\.venv\Lib\site-packages\django\template\defaulttags.py", line 471, in render
    url = reverse(view_name, args=args, kwargs=kwargs, current_app=current_app)
          ^^^^^^^^^^^^^^^^^^^^^^^^^^^^^^^^^^^^^^^^^^^^^^^^^^^^^^^^^^^^^^^^^^^^^
  File "C:\Users\paxto\Desktop\My Web Sites\gambinos_restaurant_and_lounge\.venv\Lib\site-packages\django\urls\base.py", line 88, in reverse
    return resolver._reverse_with_prefix(view, prefix, *args, **kwargs)
           ^^^^^^^^^^^^^^^^^^^^^^^^^^^^^^^^^^^^^^^^^^^^^^^^^^^^^^^^^^^^
  File "C:\Users\paxto\Desktop\My Web Sites\gambinos_restaurant_and_lounge\.venv\Lib\site-packages\django\urls\resolvers.py", line 828, in _reverse_with_prefix
    raise NoReverseMatch(msg)
django.urls.exceptions.NoReverseMatch: Reverse for 'edit_reservation' not found. 'edit_reservation' is not a valid view function or pattern name.
[2025-11-23 16:39:58,776] ERROR [django.server:212] "GET /my_reservations/ HTTP/1.1" 500 213162
[2025-11-23 18:40:00,163] ERROR [django.request:246] Internal Server Error: /reservations/32/edit/
Traceback (most recent call last):
  File "C:\Users\paxto\Desktop\My Web Sites\gambinos_restaurant_and_lounge\.venv\Lib\site-packages\django\core\handlers\exception.py", line 55, in inner
    response = get_response(request)
               ^^^^^^^^^^^^^^^^^^^^^
  File "C:\Users\paxto\Desktop\My Web Sites\gambinos_restaurant_and_lounge\.venv\Lib\site-packages\django\core\handlers\base.py", line 197, in _get_response
    response = wrapped_callback(request, *callback_args, **callback_kwargs)
               ^^^^^^^^^^^^^^^^^^^^^^^^^^^^^^^^^^^^^^^^^^^^^^^^^^^^^^^^^^^^
  File "C:\Users\paxto\Desktop\My Web Sites\gambinos_restaurant_and_lounge\.venv\Lib\site-packages\django\contrib\auth\decorators.py", line 23, in _wrapper_view
    return view_func(request, *args, **kwargs)
           ^^^^^^^^^^^^^^^^^^^^^^^^^^^^^^^^^^^
  File "C:\Users\paxto\Desktop\My Web Sites\gambinos_restaurant_and_lounge\reservation_book\views.py", line 699, in update_reservation
    return render(
           ^^^^^^^
  File "C:\Users\paxto\Desktop\My Web Sites\gambinos_restaurant_and_lounge\.venv\Lib\site-packages\django\shortcuts.py", line 24, in render
    content = loader.render_to_string(template_name, context, request, using=using)
              ^^^^^^^^^^^^^^^^^^^^^^^^^^^^^^^^^^^^^^^^^^^^^^^^^^^^^^^^^^^^^^^^^^^^^
  File "C:\Users\paxto\Desktop\My Web Sites\gambinos_restaurant_and_lounge\.venv\Lib\site-packages\django\template\loader.py", line 61, in render_to_string
    template = get_template(template_name, using=using)
               ^^^^^^^^^^^^^^^^^^^^^^^^^^^^^^^^^^^^^^^^
  File "C:\Users\paxto\Desktop\My Web Sites\gambinos_restaurant_and_lounge\.venv\Lib\site-packages\django\template\loader.py", line 15, in get_template
    return engine.get_template(template_name)
           ^^^^^^^^^^^^^^^^^^^^^^^^^^^^^^^^^^
  File "C:\Users\paxto\Desktop\My Web Sites\gambinos_restaurant_and_lounge\.venv\Lib\site-packages\django\template\backends\django.py", line 33, in get_template
    return Template(self.engine.get_template(template_name), self)
                    ^^^^^^^^^^^^^^^^^^^^^^^^^^^^^^^^^^^^^^^
  File "C:\Users\paxto\Desktop\My Web Sites\gambinos_restaurant_and_lounge\.venv\Lib\site-packages\django\template\engine.py", line 175, in get_template
    template, origin = self.find_template(template_name)
                       ^^^^^^^^^^^^^^^^^^^^^^^^^^^^^^^^^
  File "C:\Users\paxto\Desktop\My Web Sites\gambinos_restaurant_and_lounge\.venv\Lib\site-packages\django\template\engine.py", line 157, in find_template
    template = loader.get_template(name, skip=skip)
               ^^^^^^^^^^^^^^^^^^^^^^^^^^^^^^^^^^^^
  File "C:\Users\paxto\Desktop\My Web Sites\gambinos_restaurant_and_lounge\.venv\Lib\site-packages\django\template\loaders\cached.py", line 57, in get_template
    template = super().get_template(template_name, skip)
               ^^^^^^^^^^^^^^^^^^^^^^^^^^^^^^^^^^^^^^^^^
  File "C:\Users\paxto\Desktop\My Web Sites\gambinos_restaurant_and_lounge\.venv\Lib\site-packages\django\template\loaders\base.py", line 28, in get_template
    return Template(
           ^^^^^^^^^
  File "C:\Users\paxto\Desktop\My Web Sites\gambinos_restaurant_and_lounge\.venv\Lib\site-packages\django\template\base.py", line 154, in __init__
    self.nodelist = self.compile_nodelist()
                    ^^^^^^^^^^^^^^^^^^^^^^^
  File "C:\Users\paxto\Desktop\My Web Sites\gambinos_restaurant_and_lounge\.venv\Lib\site-packages\django\template\base.py", line 200, in compile_nodelist
    return parser.parse()
           ^^^^^^^^^^^^^^
  File "C:\Users\paxto\Desktop\My Web Sites\gambinos_restaurant_and_lounge\.venv\Lib\site-packages\django\template\base.py", line 513, in parse
    raise self.error(token, e)
  File "C:\Users\paxto\Desktop\My Web Sites\gambinos_restaurant_and_lounge\.venv\Lib\site-packages\django\template\base.py", line 511, in parse
    compiled_result = compile_func(self, token)
                      ^^^^^^^^^^^^^^^^^^^^^^^^^
  File "C:\Users\paxto\Desktop\My Web Sites\gambinos_restaurant_and_lounge\.venv\Lib\site-packages\django\template\loader_tags.py", line 293, in do_extends
    nodelist = parser.parse()
               ^^^^^^^^^^^^^^
  File "C:\Users\paxto\Desktop\My Web Sites\gambinos_restaurant_and_lounge\.venv\Lib\site-packages\django\template\base.py", line 513, in parse
    raise self.error(token, e)
  File "C:\Users\paxto\Desktop\My Web Sites\gambinos_restaurant_and_lounge\.venv\Lib\site-packages\django\template\base.py", line 511, in parse
    compiled_result = compile_func(self, token)
                      ^^^^^^^^^^^^^^^^^^^^^^^^^
  File "C:\Users\paxto\Desktop\My Web Sites\gambinos_restaurant_and_lounge\.venv\Lib\site-packages\django\template\loader_tags.py", line 232, in do_block
    nodelist = parser.parse(("endblock",))
               ^^^^^^^^^^^^^^^^^^^^^^^^^^^
  File "C:\Users\paxto\Desktop\My Web Sites\gambinos_restaurant_and_lounge\.venv\Lib\site-packages\django\template\base.py", line 484, in parse
    raise self.error(token, e)
  File "C:\Users\paxto\Desktop\My Web Sites\gambinos_restaurant_and_lounge\.venv\Lib\site-packages\django\template\base.py", line 482, in parse
    filter_expression = self.compile_filter(token.contents)
                        ^^^^^^^^^^^^^^^^^^^^^^^^^^^^^^^^^^^
  File "C:\Users\paxto\Desktop\My Web Sites\gambinos_restaurant_and_lounge\.venv\Lib\site-packages\django\template\base.py", line 600, in compile_filter
    return FilterExpression(token, self)
           ^^^^^^^^^^^^^^^^^^^^^^^^^^^^^
  File "C:\Users\paxto\Desktop\My Web Sites\gambinos_restaurant_and_lounge\.venv\Lib\site-packages\django\template\base.py", line 698, in __init__
    filter_func = parser.find_filter(filter_name)
                  ^^^^^^^^^^^^^^^^^^^^^^^^^^^^^^^
  File "C:\Users\paxto\Desktop\My Web Sites\gambinos_restaurant_and_lounge\.venv\Lib\site-packages\django\template\base.py", line 606, in find_filter
    raise TemplateSyntaxError("Invalid filter: '%s'" % filter_name)
django.template.exceptions.TemplateSyntaxError: Invalid filter: 'crispy'
[2025-11-23 18:40:00,171] ERROR [django.server:212] "GET /reservations/32/edit/ HTTP/1.1" 500 240899
[2025-11-23 20:02:21,685] ERROR [django.request:246] Internal Server Error: /reservations/32/edit/
Traceback (most recent call last):
  File "C:\Users\paxto\Desktop\My Web Sites\gambinos_restaurant_and_lounge\.venv\Lib\site-packages\django\core\handlers\exception.py", line 55, in inner
    response = get_response(request)
               ^^^^^^^^^^^^^^^^^^^^^
  File "C:\Users\paxto\Desktop\My Web Sites\gambinos_restaurant_and_lounge\.venv\Lib\site-packages\django\core\handlers\base.py", line 197, in _get_response
    response = wrapped_callback(request, *callback_args, **callback_kwargs)
               ^^^^^^^^^^^^^^^^^^^^^^^^^^^^^^^^^^^^^^^^^^^^^^^^^^^^^^^^^^^^
  File "C:\Users\paxto\Desktop\My Web Sites\gambinos_restaurant_and_lounge\.venv\Lib\site-packages\django\contrib\auth\decorators.py", line 23, in _wrapper_view
    return view_func(request, *args, **kwargs)
           ^^^^^^^^^^^^^^^^^^^^^^^^^^^^^^^^^^^
  File "C:\Users\paxto\Desktop\My Web Sites\gambinos_restaurant_and_lounge\reservation_book\views.py", line 729, in update_reservation
    old_created = fmt_dt(reservation.created_at)
                         ^^^^^^^^^^^^^^^^^^^^^^
AttributeError: 'TableReservation' object has no attribute 'created_at'
[2025-11-23 20:02:21,689] ERROR [django.server:212] "POST /reservations/32/edit/ HTTP/1.1" 500 91760
